{"total": {"lines":{"total":408,"covered":125,"skipped":0,"pct":30.64},"statements":{"total":408,"covered":125,"skipped":0,"pct":30.64},"functions":{"total":55,"covered":7,"skipped":0,"pct":12.73},"branches":{"total":215,"covered":15,"skipped":0,"pct":6.98}}
,"D:\\Develop\\Vue\\KnoxEx\\Home\\app.js": {"lines":{"total":40,"covered":35,"skipped":0,"pct":87.5},"functions":{"total":2,"covered":2,"skipped":0,"pct":100},"statements":{"total":40,"covered":35,"skipped":0,"pct":87.5},"branches":{"total":14,"covered":7,"skipped":0,"pct":50}}
,"D:\\Develop\\Vue\\KnoxEx\\Home\\app\\router.js": {"lines":{"total":4,"covered":4,"skipped":0,"pct":100},"functions":{"total":1,"covered":1,"skipped":0,"pct":100},"statements":{"total":4,"covered":4,"skipped":0,"pct":100},"branches":{"total":0,"covered":0,"skipped":0,"pct":100}}
,"D:\\Develop\\Vue\\KnoxEx\\Home\\app\\controller\\getMarket.js": {"lines":{"total":10,"covered":3,"skipped":0,"pct":30},"functions":{"total":1,"covered":0,"skipped":0,"pct":0},"statements":{"total":10,"covered":3,"skipped":0,"pct":30},"branches":{"total":2,"covered":0,"skipped":0,"pct":0}}
,"D:\\Develop\\Vue\\KnoxEx\\Home\\app\\controller\\homePage.js": {"lines":{"total":268,"covered":37,"skipped":0,"pct":13.81},"functions":{"total":25,"covered":2,"skipped":0,"pct":8},"statements":{"total":268,"covered":37,"skipped":0,"pct":13.81},"branches":{"total":179,"covered":8,"skipped":0,"pct":4.47}}
,"D:\\Develop\\Vue\\KnoxEx\\Home\\app\\extend\\application.js": {"lines":{"total":4,"covered":2,"skipped":0,"pct":50},"functions":{"total":2,"covered":0,"skipped":0,"pct":0},"statements":{"total":4,"covered":2,"skipped":0,"pct":50},"branches":{"total":0,"covered":0,"skipped":0,"pct":100}}
,"D:\\Develop\\Vue\\KnoxEx\\Home\\app\\extend\\helper.js": {"lines":{"total":36,"covered":8,"skipped":0,"pct":22.22},"functions":{"total":12,"covered":0,"skipped":0,"pct":0},"statements":{"total":36,"covered":8,"skipped":0,"pct":22.22},"branches":{"total":20,"covered":0,"skipped":0,"pct":0}}
,"D:\\Develop\\Vue\\KnoxEx\\Home\\app\\middleware\\compress.js": {"lines":{"total":1,"covered":1,"skipped":0,"pct":100},"functions":{"total":0,"covered":0,"skipped":0,"pct":100},"statements":{"total":1,"covered":1,"skipped":0,"pct":100},"branches":{"total":0,"covered":0,"skipped":0,"pct":100}}
,"D:\\Develop\\Vue\\KnoxEx\\Home\\app\\middleware\\conditional.js": {"lines":{"total":1,"covered":1,"skipped":0,"pct":100},"functions":{"total":0,"covered":0,"skipped":0,"pct":100},"statements":{"total":1,"covered":1,"skipped":0,"pct":100},"branches":{"total":0,"covered":0,"skipped":0,"pct":100}}
,"D:\\Develop\\Vue\\KnoxEx\\Home\\app\\middleware\\etag.js": {"lines":{"total":1,"covered":1,"skipped":0,"pct":100},"functions":{"total":0,"covered":0,"skipped":0,"pct":100},"statements":{"total":1,"covered":1,"skipped":0,"pct":100},"branches":{"total":0,"covered":0,"skipped":0,"pct":100}}
,"D:\\Develop\\Vue\\KnoxEx\\Home\\app\\schedule\\remove-log.js": {"lines":{"total":3,"covered":2,"skipped":0,"pct":66.67},"functions":{"total":1,"covered":0,"skipped":0,"pct":0},"statements":{"total":3,"covered":2,"skipped":0,"pct":66.67},"branches":{"total":0,"covered":0,"skipped":0,"pct":100}}
,"D:\\Develop\\Vue\\KnoxEx\\Home\\app\\service\\getAppDownLoad.js": {"lines":{"total":5,"covered":3,"skipped":0,"pct":60},"functions":{"total":2,"covered":0,"skipped":0,"pct":0},"statements":{"total":5,"covered":3,"skipped":0,"pct":60},"branches":{"total":0,"covered":0,"skipped":0,"pct":100}}
,"D:\\Develop\\Vue\\KnoxEx\\Home\\app\\service\\getBannerIndex.js": {"lines":{"total":5,"covered":3,"skipped":0,"pct":60},"functions":{"total":2,"covered":0,"skipped":0,"pct":0},"statements":{"total":5,"covered":3,"skipped":0,"pct":60},"branches":{"total":0,"covered":0,"skipped":0,"pct":100}}
,"D:\\Develop\\Vue\\KnoxEx\\Home\\app\\service\\getFooterHeader.js": {"lines":{"total":5,"covered":3,"skipped":0,"pct":60},"functions":{"total":2,"covered":0,"skipped":0,"pct":0},"statements":{"total":5,"covered":3,"skipped":0,"pct":60},"branches":{"total":0,"covered":0,"skipped":0,"pct":100}}
,"D:\\Develop\\Vue\\KnoxEx\\Home\\app\\service\\getFooterList.js": {"lines":{"total":5,"covered":3,"skipped":0,"pct":60},"functions":{"total":2,"covered":0,"skipped":0,"pct":0},"statements":{"total":5,"covered":3,"skipped":0,"pct":60},"branches":{"total":0,"covered":0,"skipped":0,"pct":100}}
,"D:\\Develop\\Vue\\KnoxEx\\Home\\app\\service\\publictInfo.js": {"lines":{"total":5,"covered":4,"skipped":0,"pct":80},"functions":{"total":2,"covered":1,"skipped":0,"pct":50},"statements":{"total":5,"covered":4,"skipped":0,"pct":80},"branches":{"total":0,"covered":0,"skipped":0,"pct":100}}
,"D:\\Develop\\Vue\\KnoxEx\\Home\\app\\utils\\template-config.js": {"lines":{"total":1,"covered":1,"skipped":0,"pct":100},"functions":{"total":0,"covered":0,"skipped":0,"pct":100},"statements":{"total":1,"covered":1,"skipped":0,"pct":100},"branches":{"total":0,"covered":0,"skipped":0,"pct":100}}
,"D:\\Develop\\Vue\\KnoxEx\\Home\\config\\config.default.js": {"lines":{"total":13,"covered":13,"skipped":0,"pct":100},"functions":{"total":1,"covered":1,"skipped":0,"pct":100},"statements":{"total":13,"covered":13,"skipped":0,"pct":100},"branches":{"total":0,"covered":0,"skipped":0,"pct":100}}
,"D:\\Develop\\Vue\\KnoxEx\\Home\\config\\plugin.js": {"lines":{"total":1,"covered":1,"skipped":0,"pct":100},"functions":{"total":0,"covered":0,"skipped":0,"pct":100},"statements":{"total":1,"covered":1,"skipped":0,"pct":100},"branches":{"total":0,"covered":0,"skipped":0,"pct":100}}
}
