{"D:\\Develop\\Vue\\KnoxEx\\Home\\app.js": {"path":"D:\\Develop\\Vue\\KnoxEx\\Home\\app.js","statementMap":{"0":{"start":{"line":1,"column":13},"end":{"line":1,"column":28}},"1":{"start":{"line":2,"column":11},"end":{"line":2,"column":24}},"2":{"start":{"line":6,"column":4},"end":{"line":6,"column":19}},"3":{"start":{"line":9,"column":20},"end":{"line":9,"column":24}},"4":{"start":{"line":10,"column":15},"end":{"line":10,"column":17}},"5":{"start":{"line":11,"column":29},"end":{"line":11,"column":72}},"6":{"start":{"line":12,"column":4},"end":{"line":16,"column":5}},"7":{"start":{"line":13,"column":6},"end":{"line":13,"column":41}},"8":{"start":{"line":18,"column":4},"end":{"line":20,"column":5}},"9":{"start":{"line":19,"column":6},"end":{"line":19,"column":42}},"10":{"start":{"line":22,"column":4},"end":{"line":26,"column":5}},"11":{"start":{"line":23,"column":6},"end":{"line":23,"column":44}},"12":{"start":{"line":25,"column":6},"end":{"line":25,"column":62}},"13":{"start":{"line":27,"column":4},"end":{"line":27,"column":86}},"14":{"start":{"line":28,"column":4},"end":{"line":28,"column":83}},"15":{"start":{"line":29,"column":4},"end":{"line":29,"column":74}},"16":{"start":{"line":30,"column":4},"end":{"line":30,"column":94}},"17":{"start":{"line":31,"column":4},"end":{"line":31,"column":96}},"18":{"start":{"line":32,"column":4},"end":{"line":32,"column":92}},"19":{"start":{"line":33,"column":4},"end":{"line":33,"column":86}},"20":{"start":{"line":34,"column":4},"end":{"line":36,"column":5}},"21":{"start":{"line":35,"column":6},"end":{"line":35,"column":41}},"22":{"start":{"line":37,"column":4},"end":{"line":40,"column":5}},"23":{"start":{"line":38,"column":23},"end":{"line":38,"column":76}},"24":{"start":{"line":39,"column":6},"end":{"line":39,"column":44}},"25":{"start":{"line":43,"column":27},"end":{"line":43,"column":78}},"26":{"start":{"line":44,"column":4},"end":{"line":44,"column":32}},"27":{"start":{"line":45,"column":4},"end":{"line":47,"column":5}},"28":{"start":{"line":46,"column":6},"end":{"line":46,"column":86}},"29":{"start":{"line":49,"column":29},"end":{"line":49,"column":82}},"30":{"start":{"line":50,"column":4},"end":{"line":50,"column":33}},"31":{"start":{"line":51,"column":4},"end":{"line":53,"column":5}},"32":{"start":{"line":52,"column":6},"end":{"line":52,"column":99}},"33":{"start":{"line":54,"column":26},"end":{"line":54,"column":77}},"34":{"start":{"line":55,"column":20},"end":{"line":55,"column":22}},"35":{"start":{"line":56,"column":4},"end":{"line":58,"column":5}},"36":{"start":{"line":57,"column":6},"end":{"line":57,"column":69}},"37":{"start":{"line":59,"column":4},"end":{"line":59,"column":37}},"38":{"start":{"line":60,"column":4},"end":{"line":60,"column":80}},"39":{"start":{"line":64,"column":0},"end":{"line":64,"column":29}}},"fnMap":{"0":{"name":"(anonymous_0)","decl":{"start":{"line":5,"column":2},"end":{"line":5,"column":3}},"loc":{"start":{"line":5,"column":19},"end":{"line":7,"column":3}},"line":5},"1":{"name":"(anonymous_1)","decl":{"start":{"line":8,"column":2},"end":{"line":8,"column":3}},"loc":{"start":{"line":8,"column":18},"end":{"line":61,"column":3}},"line":8}},"branchMap":{"0":{"loc":{"start":{"line":18,"column":4},"end":{"line":20,"column":5}},"type":"if","locations":[{"start":{"line":18,"column":4},"end":{"line":20,"column":5}},{"start":{"line":18,"column":4},"end":{"line":20,"column":5}}],"line":18},"1":{"loc":{"start":{"line":22,"column":4},"end":{"line":26,"column":5}},"type":"if","locations":[{"start":{"line":22,"column":4},"end":{"line":26,"column":5}},{"start":{"line":22,"column":4},"end":{"line":26,"column":5}}],"line":22},"2":{"loc":{"start":{"line":34,"column":4},"end":{"line":36,"column":5}},"type":"if","locations":[{"start":{"line":34,"column":4},"end":{"line":36,"column":5}},{"start":{"line":34,"column":4},"end":{"line":36,"column":5}}],"line":34},"3":{"loc":{"start":{"line":37,"column":4},"end":{"line":40,"column":5}},"type":"if","locations":[{"start":{"line":37,"column":4},"end":{"line":40,"column":5}},{"start":{"line":37,"column":4},"end":{"line":40,"column":5}}],"line":37},"4":{"loc":{"start":{"line":45,"column":4},"end":{"line":47,"column":5}},"type":"if","locations":[{"start":{"line":45,"column":4},"end":{"line":47,"column":5}},{"start":{"line":45,"column":4},"end":{"line":47,"column":5}}],"line":45},"5":{"loc":{"start":{"line":51,"column":4},"end":{"line":53,"column":5}},"type":"if","locations":[{"start":{"line":51,"column":4},"end":{"line":53,"column":5}},{"start":{"line":51,"column":4},"end":{"line":53,"column":5}}],"line":51},"6":{"loc":{"start":{"line":56,"column":4},"end":{"line":58,"column":5}},"type":"if","locations":[{"start":{"line":56,"column":4},"end":{"line":58,"column":5}},{"start":{"line":56,"column":4},"end":{"line":58,"column":5}}],"line":56}},"s":{"0":1,"1":1,"2":1,"3":1,"4":1,"5":1,"6":1,"7":1,"8":1,"9":0,"10":1,"11":0,"12":1,"13":1,"14":1,"15":1,"16":1,"17":1,"18":1,"19":1,"20":1,"21":1,"22":1,"23":1,"24":1,"25":1,"26":1,"27":1,"28":0,"29":1,"30":1,"31":1,"32":0,"33":1,"34":1,"35":1,"36":0,"37":1,"38":1,"39":1},"f":{"0":1,"1":1},"b":{"0":[0,1],"1":[0,1],"2":[1,0],"3":[1,0],"4":[0,1],"5":[0,1],"6":[0,1]},"_coverageSchema":"43e27e138ebf9cfc5966b082cf9a028302ed4184","hash":"7403d30a45f4a00bd943ec37cd9347cbe2d8e66b","contentHash":"8632e5bddb731ba5862bd6a613e1a791621d68b8fb584ed613fa71b3c39b3048"}
,"D:\\Develop\\Vue\\KnoxEx\\Home\\app\\router.js": {"path":"D:\\Develop\\Vue\\KnoxEx\\Home\\app\\router.js","statementMap":{"0":{"start":{"line":6,"column":0},"end":{"line":10,"column":2}},"1":{"start":{"line":7,"column":33},"end":{"line":7,"column":36}},"2":{"start":{"line":8,"column":2},"end":{"line":8,"column":64}},"3":{"start":{"line":9,"column":2},"end":{"line":9,"column":51}}},"fnMap":{"0":{"name":"(anonymous_0)","decl":{"start":{"line":6,"column":17},"end":{"line":6,"column":18}},"loc":{"start":{"line":6,"column":26},"end":{"line":10,"column":1}},"line":6}},"branchMap":{},"s":{"0":1,"1":1,"2":1,"3":1},"f":{"0":1},"b":{},"_coverageSchema":"43e27e138ebf9cfc5966b082cf9a028302ed4184","hash":"928e79037ad3fa1b35f8713b8c0db406a1914077","contentHash":"19e5c7ce7cb9741695b91d34ab3ed6a1eb5ccc4493cf5b8e6150902448b876bd"}
,"D:\\Develop\\Vue\\KnoxEx\\Home\\app\\controller\\getMarket.js": {"path":"D:\\Develop\\Vue\\KnoxEx\\Home\\app\\controller\\getMarket.js","statementMap":{"0":{"start":{"line":1,"column":23},"end":{"line":1,"column":37}},"1":{"start":{"line":2,"column":60},"end":{"line":2,"column":123}},"2":{"start":{"line":6,"column":22},"end":{"line":6,"column":35}},"3":{"start":{"line":7,"column":20},"end":{"line":9,"column":6}},"4":{"start":{"line":10,"column":18},"end":{"line":10,"column":41}},"5":{"start":{"line":11,"column":4},"end":{"line":13,"column":5}},"6":{"start":{"line":12,"column":6},"end":{"line":12,"column":46}},"7":{"start":{"line":14,"column":22},"end":{"line":14,"column":70}},"8":{"start":{"line":15,"column":3},"end":{"line":15,"column":76}},"9":{"start":{"line":19,"column":0},"end":{"line":19,"column":27}}},"fnMap":{"0":{"name":"(anonymous_0)","decl":{"start":{"line":5,"column":2},"end":{"line":5,"column":3}},"loc":{"start":{"line":5,"column":18},"end":{"line":16,"column":3}},"line":5}},"branchMap":{"0":{"loc":{"start":{"line":11,"column":4},"end":{"line":13,"column":5}},"type":"if","locations":[{"start":{"line":11,"column":4},"end":{"line":13,"column":5}},{"start":{"line":11,"column":4},"end":{"line":13,"column":5}}],"line":11}},"s":{"0":1,"1":1,"2":0,"3":0,"4":0,"5":0,"6":0,"7":0,"8":0,"9":1},"f":{"0":0},"b":{"0":[0,0]},"_coverageSchema":"43e27e138ebf9cfc5966b082cf9a028302ed4184","hash":"bd8e492d2cf95653c27b0b9dad5a551b4eeec054","contentHash":"4f62bbeeff183d1274e12397580f143bcccc9dc602d88a1779b1c050b20f864b"}
,"D:\\Develop\\Vue\\KnoxEx\\Home\\app\\controller\\homePage.js": {"path":"D:\\Develop\\Vue\\KnoxEx\\Home\\app\\controller\\homePage.js","statementMap":{"0":{"start":{"line":2,"column":23},"end":{"line":2,"column":37}},"1":{"start":{"line":3,"column":11},"end":{"line":3,"column":24}},"2":{"start":{"line":4,"column":13},"end":{"line":4,"column":28}},"3":{"start":{"line":5,"column":59},"end":{"line":5,"column":122}},"4":{"start":{"line":6,"column":23},"end":{"line":6,"column":86}},"5":{"start":{"line":7,"column":23},"end":{"line":7,"column":58}},"6":{"start":{"line":11,"column":22},"end":{"line":11,"column":57}},"7":{"start":{"line":12,"column":16},"end":{"line":12,"column":37}},"8":{"start":{"line":13,"column":18},"end":{"line":13,"column":46}},"9":{"start":{"line":14,"column":4},"end":{"line":16,"column":5}},"10":{"start":{"line":15,"column":6},"end":{"line":15,"column":43}},"11":{"start":{"line":17,"column":20},"end":{"line":19,"column":6}},"12":{"start":{"line":20,"column":26},"end":{"line":20,"column":37}},"13":{"start":{"line":21,"column":21},"end":{"line":21,"column":38}},"14":{"start":{"line":22,"column":4},"end":{"line":27,"column":5}},"15":{"start":{"line":23,"column":6},"end":{"line":26,"column":8}},"16":{"start":{"line":28,"column":4},"end":{"line":28,"column":71}},"17":{"start":{"line":29,"column":4},"end":{"line":29,"column":79}},"18":{"start":{"line":30,"column":4},"end":{"line":43,"column":5}},"19":{"start":{"line":31,"column":6},"end":{"line":31,"column":105}},"20":{"start":{"line":32,"column":6},"end":{"line":32,"column":109}},"21":{"start":{"line":33,"column":6},"end":{"line":33,"column":108}},"22":{"start":{"line":34,"column":6},"end":{"line":34,"column":108}},"23":{"start":{"line":35,"column":6},"end":{"line":35,"column":107}},"24":{"start":{"line":36,"column":6},"end":{"line":36,"column":73}},"25":{"start":{"line":38,"column":6},"end":{"line":38,"column":95}},"26":{"start":{"line":39,"column":6},"end":{"line":39,"column":99}},"27":{"start":{"line":40,"column":6},"end":{"line":40,"column":98}},"28":{"start":{"line":41,"column":6},"end":{"line":41,"column":98}},"29":{"start":{"line":42,"column":6},"end":{"line":42,"column":97}},"30":{"start":{"line":44,"column":4},"end":{"line":46,"column":5}},"31":{"start":{"line":45,"column":6},"end":{"line":45,"column":13}},"32":{"start":{"line":47,"column":25},"end":{"line":47,"column":48}},"33":{"start":{"line":48,"column":122},"end":{"line":48,"column":189}},"34":{"start":{"line":49,"column":4},"end":{"line":49,"column":62}},"35":{"start":{"line":50,"column":23},"end":{"line":50,"column":85}},"36":{"start":{"line":51,"column":4},"end":{"line":51,"column":86}},"37":{"start":{"line":52,"column":44},"end":{"line":52,"column":59}},"38":{"start":{"line":53,"column":25},"end":{"line":53,"column":93}},"39":{"start":{"line":54,"column":27},"end":{"line":54,"column":29}},"40":{"start":{"line":55,"column":4},"end":{"line":61,"column":5}},"41":{"start":{"line":56,"column":6},"end":{"line":60,"column":7}},"42":{"start":{"line":57,"column":8},"end":{"line":57,"column":59}},"43":{"start":{"line":59,"column":8},"end":{"line":59,"column":45}},"44":{"start":{"line":62,"column":4},"end":{"line":62,"column":25}},"45":{"start":{"line":63,"column":4},"end":{"line":63,"column":43}},"46":{"start":{"line":64,"column":4},"end":{"line":96,"column":7}},"47":{"start":{"line":81,"column":22},"end":{"line":81,"column":34}},"48":{"start":{"line":100,"column":16},"end":{"line":100,"column":41}},"49":{"start":{"line":101,"column":4},"end":{"line":106,"column":6}},"50":{"start":{"line":110,"column":19},"end":{"line":110,"column":34}},"51":{"start":{"line":111,"column":4},"end":{"line":113,"column":5}},"52":{"start":{"line":112,"column":6},"end":{"line":112,"column":72}},"53":{"start":{"line":114,"column":4},"end":{"line":114,"column":37}},"54":{"start":{"line":118,"column":4},"end":{"line":120,"column":5}},"55":{"start":{"line":119,"column":6},"end":{"line":119,"column":18}},"56":{"start":{"line":121,"column":15},"end":{"line":123,"column":27}},"57":{"start":{"line":124,"column":17},"end":{"line":124,"column":34}},"58":{"start":{"line":125,"column":24},"end":{"line":125,"column":26}},"59":{"start":{"line":126,"column":4},"end":{"line":130,"column":7}},"60":{"start":{"line":127,"column":6},"end":{"line":129,"column":7}},"61":{"start":{"line":128,"column":8},"end":{"line":128,"column":31}},"62":{"start":{"line":131,"column":4},"end":{"line":135,"column":6}},"63":{"start":{"line":139,"column":14},"end":{"line":139,"column":16}},"64":{"start":{"line":140,"column":4},"end":{"line":145,"column":5}},"65":{"start":{"line":141,"column":6},"end":{"line":141,"column":94}},"66":{"start":{"line":146,"column":4},"end":{"line":148,"column":5}},"67":{"start":{"line":147,"column":6},"end":{"line":147,"column":33}},"68":{"start":{"line":150,"column":4},"end":{"line":150,"column":15}},"69":{"start":{"line":154,"column":20},"end":{"line":154,"column":22}},"70":{"start":{"line":155,"column":4},"end":{"line":159,"column":5}},"71":{"start":{"line":156,"column":6},"end":{"line":156,"column":110}},"72":{"start":{"line":160,"column":4},"end":{"line":160,"column":21}},"73":{"start":{"line":164,"column":24},"end":{"line":170,"column":5}},"74":{"start":{"line":171,"column":19},"end":{"line":171,"column":110}},"75":{"start":{"line":172,"column":17},"end":{"line":172,"column":19}},"76":{"start":{"line":173,"column":4},"end":{"line":177,"column":7}},"77":{"start":{"line":174,"column":6},"end":{"line":176,"column":7}},"78":{"start":{"line":175,"column":8},"end":{"line":175,"column":34}},"79":{"start":{"line":178,"column":4},"end":{"line":178,"column":32}},"80":{"start":{"line":182,"column":4},"end":{"line":184,"column":5}},"81":{"start":{"line":183,"column":6},"end":{"line":183,"column":16}},"82":{"start":{"line":185,"column":41},"end":{"line":185,"column":63}},"83":{"start":{"line":186,"column":4},"end":{"line":200,"column":5}},"84":{"start":{"line":187,"column":18},"end":{"line":187,"column":20}},"85":{"start":{"line":188,"column":19},"end":{"line":188,"column":21}},"86":{"start":{"line":189,"column":6},"end":{"line":191,"column":7}},"87":{"start":{"line":190,"column":8},"end":{"line":190,"column":20}},"88":{"start":{"line":192,"column":6},"end":{"line":198,"column":9}},"89":{"start":{"line":193,"column":22},"end":{"line":193,"column":61}},"90":{"start":{"line":194,"column":8},"end":{"line":197,"column":11}},"91":{"start":{"line":199,"column":6},"end":{"line":199,"column":29}},"92":{"start":{"line":201,"column":4},"end":{"line":201,"column":14}},"93":{"start":{"line":205,"column":21},"end":{"line":205,"column":25}},"94":{"start":{"line":206,"column":4},"end":{"line":208,"column":5}},"95":{"start":{"line":207,"column":6},"end":{"line":207,"column":16}},"96":{"start":{"line":209,"column":13},"end":{"line":209,"column":25}},"97":{"start":{"line":210,"column":20},"end":{"line":212,"column":6}},"98":{"start":{"line":213,"column":4},"end":{"line":215,"column":5}},"99":{"start":{"line":214,"column":6},"end":{"line":214,"column":19}},"100":{"start":{"line":216,"column":17},"end":{"line":216,"column":19}},"101":{"start":{"line":217,"column":16},"end":{"line":217,"column":28}},"102":{"start":{"line":218,"column":4},"end":{"line":231,"column":7}},"103":{"start":{"line":219,"column":17},"end":{"line":219,"column":30}},"104":{"start":{"line":220,"column":6},"end":{"line":222,"column":7}},"105":{"start":{"line":221,"column":8},"end":{"line":221,"column":34}},"106":{"start":{"line":223,"column":18},"end":{"line":226,"column":7}},"107":{"start":{"line":227,"column":6},"end":{"line":229,"column":7}},"108":{"start":{"line":228,"column":8},"end":{"line":228,"column":32}},"109":{"start":{"line":230,"column":6},"end":{"line":230,"column":21}},"110":{"start":{"line":232,"column":4},"end":{"line":232,"column":16}},"111":{"start":{"line":236,"column":16},"end":{"line":236,"column":30}},"112":{"start":{"line":237,"column":17},"end":{"line":237,"column":28}},"113":{"start":{"line":238,"column":16},"end":{"line":238,"column":20}},"114":{"start":{"line":239,"column":4},"end":{"line":245,"column":7}},"115":{"start":{"line":240,"column":6},"end":{"line":244,"column":7}},"116":{"start":{"line":241,"column":8},"end":{"line":241,"column":30}},"117":{"start":{"line":243,"column":8},"end":{"line":243,"column":22}},"118":{"start":{"line":246,"column":4},"end":{"line":246,"column":32}},"119":{"start":{"line":250,"column":16},"end":{"line":250,"column":18}},"120":{"start":{"line":251,"column":22},"end":{"line":251,"column":44}},"121":{"start":{"line":252,"column":27},"end":{"line":252,"column":31}},"122":{"start":{"line":253,"column":4},"end":{"line":255,"column":5}},"123":{"start":{"line":254,"column":6},"end":{"line":254,"column":17}},"124":{"start":{"line":256,"column":4},"end":{"line":261,"column":5}},"125":{"start":{"line":257,"column":6},"end":{"line":260,"column":9}},"126":{"start":{"line":262,"column":21},"end":{"line":264,"column":55}},"127":{"start":{"line":266,"column":4},"end":{"line":271,"column":5}},"128":{"start":{"line":267,"column":6},"end":{"line":270,"column":9}},"129":{"start":{"line":272,"column":4},"end":{"line":277,"column":5}},"130":{"start":{"line":273,"column":6},"end":{"line":276,"column":9}},"131":{"start":{"line":278,"column":4},"end":{"line":287,"column":5}},"132":{"start":{"line":279,"column":16},"end":{"line":279,"column":48}},"133":{"start":{"line":280,"column":6},"end":{"line":282,"column":7}},"134":{"start":{"line":281,"column":8},"end":{"line":281,"column":31}},"135":{"start":{"line":283,"column":6},"end":{"line":286,"column":9}},"136":{"start":{"line":288,"column":4},"end":{"line":293,"column":5}},"137":{"start":{"line":289,"column":6},"end":{"line":292,"column":9}},"138":{"start":{"line":294,"column":4},"end":{"line":294,"column":15}},"139":{"start":{"line":298,"column":16},"end":{"line":298,"column":18}},"140":{"start":{"line":299,"column":27},"end":{"line":299,"column":31}},"141":{"start":{"line":300,"column":22},"end":{"line":300,"column":44}},"142":{"start":{"line":301,"column":4},"end":{"line":303,"column":5}},"143":{"start":{"line":302,"column":6},"end":{"line":302,"column":17}},"144":{"start":{"line":304,"column":4},"end":{"line":309,"column":5}},"145":{"start":{"line":305,"column":6},"end":{"line":308,"column":9}},"146":{"start":{"line":311,"column":21},"end":{"line":313,"column":57}},"147":{"start":{"line":315,"column":4},"end":{"line":320,"column":5}},"148":{"start":{"line":316,"column":6},"end":{"line":319,"column":9}},"149":{"start":{"line":321,"column":4},"end":{"line":326,"column":5}},"150":{"start":{"line":322,"column":6},"end":{"line":325,"column":9}},"151":{"start":{"line":327,"column":4},"end":{"line":332,"column":5}},"152":{"start":{"line":328,"column":6},"end":{"line":331,"column":9}},"153":{"start":{"line":333,"column":4},"end":{"line":342,"column":5}},"154":{"start":{"line":334,"column":16},"end":{"line":334,"column":51}},"155":{"start":{"line":335,"column":6},"end":{"line":337,"column":7}},"156":{"start":{"line":336,"column":8},"end":{"line":336,"column":34}},"157":{"start":{"line":338,"column":6},"end":{"line":341,"column":9}},"158":{"start":{"line":343,"column":4},"end":{"line":348,"column":5}},"159":{"start":{"line":344,"column":6},"end":{"line":347,"column":9}},"160":{"start":{"line":349,"column":4},"end":{"line":349,"column":15}},"161":{"start":{"line":353,"column":14},"end":{"line":353,"column":16}},"162":{"start":{"line":354,"column":18},"end":{"line":354,"column":20}},"163":{"start":{"line":355,"column":4},"end":{"line":357,"column":5}},"164":{"start":{"line":356,"column":6},"end":{"line":356,"column":26}},"165":{"start":{"line":358,"column":4},"end":{"line":363,"column":5}},"166":{"start":{"line":359,"column":6},"end":{"line":359,"column":104}},"167":{"start":{"line":364,"column":4},"end":{"line":364,"column":20}},"168":{"start":{"line":368,"column":20},"end":{"line":368,"column":35}},"169":{"start":{"line":369,"column":4},"end":{"line":378,"column":5}},"170":{"start":{"line":370,"column":6},"end":{"line":377,"column":8}},"171":{"start":{"line":379,"column":4},"end":{"line":379,"column":14}},"172":{"start":{"line":383,"column":16},"end":{"line":383,"column":18}},"173":{"start":{"line":384,"column":22},"end":{"line":384,"column":44}},"174":{"start":{"line":385,"column":27},"end":{"line":385,"column":31}},"175":{"start":{"line":386,"column":4},"end":{"line":388,"column":5}},"176":{"start":{"line":387,"column":6},"end":{"line":387,"column":17}},"177":{"start":{"line":390,"column":4},"end":{"line":396,"column":5}},"178":{"start":{"line":391,"column":6},"end":{"line":395,"column":9}},"179":{"start":{"line":399,"column":4},"end":{"line":405,"column":5}},"180":{"start":{"line":400,"column":6},"end":{"line":404,"column":9}},"181":{"start":{"line":415,"column":19},"end":{"line":415,"column":21}},"182":{"start":{"line":416,"column":19},"end":{"line":420,"column":5}},"183":{"start":{"line":421,"column":4},"end":{"line":423,"column":5}},"184":{"start":{"line":422,"column":6},"end":{"line":422,"column":26}},"185":{"start":{"line":425,"column":4},"end":{"line":431,"column":5}},"186":{"start":{"line":426,"column":6},"end":{"line":430,"column":9}},"187":{"start":{"line":432,"column":4},"end":{"line":445,"column":5}},"188":{"start":{"line":433,"column":22},"end":{"line":433,"column":24}},"189":{"start":{"line":434,"column":6},"end":{"line":439,"column":7}},"190":{"start":{"line":435,"column":8},"end":{"line":435,"column":27}},"191":{"start":{"line":437,"column":23},"end":{"line":437,"column":29}},"192":{"start":{"line":438,"column":8},"end":{"line":438,"column":23}},"193":{"start":{"line":440,"column":6},"end":{"line":443,"column":7}},"194":{"start":{"line":441,"column":8},"end":{"line":441,"column":66}},"195":{"start":{"line":442,"column":8},"end":{"line":442,"column":35}},"196":{"start":{"line":444,"column":6},"end":{"line":444,"column":26}},"197":{"start":{"line":447,"column":4},"end":{"line":453,"column":5}},"198":{"start":{"line":448,"column":6},"end":{"line":452,"column":9}},"199":{"start":{"line":455,"column":4},"end":{"line":461,"column":5}},"200":{"start":{"line":456,"column":6},"end":{"line":460,"column":9}},"201":{"start":{"line":463,"column":4},"end":{"line":469,"column":5}},"202":{"start":{"line":464,"column":6},"end":{"line":468,"column":9}},"203":{"start":{"line":471,"column":23},"end":{"line":471,"column":38}},"204":{"start":{"line":473,"column":4},"end":{"line":479,"column":5}},"205":{"start":{"line":474,"column":6},"end":{"line":478,"column":9}},"206":{"start":{"line":480,"column":4},"end":{"line":480,"column":15}},"207":{"start":{"line":484,"column":14},"end":{"line":484,"column":16}},"208":{"start":{"line":485,"column":23},"end":{"line":485,"column":38}},"209":{"start":{"line":486,"column":4},"end":{"line":498,"column":5}},"210":{"start":{"line":487,"column":21},"end":{"line":487,"column":23}},"211":{"start":{"line":488,"column":6},"end":{"line":497,"column":7}},"212":{"start":{"line":489,"column":8},"end":{"line":491,"column":11}},"213":{"start":{"line":490,"column":10},"end":{"line":490,"column":45}},"214":{"start":{"line":492,"column":8},"end":{"line":496,"column":9}},"215":{"start":{"line":493,"column":25},"end":{"line":493,"column":56}},"216":{"start":{"line":494,"column":23},"end":{"line":494,"column":53}},"217":{"start":{"line":495,"column":10},"end":{"line":495,"column":39}},"218":{"start":{"line":499,"column":4},"end":{"line":499,"column":45}},"219":{"start":{"line":503,"column":20},"end":{"line":503,"column":35}},"220":{"start":{"line":505,"column":25},"end":{"line":505,"column":60}},"221":{"start":{"line":507,"column":26},"end":{"line":507,"column":53}},"222":{"start":{"line":508,"column":25},"end":{"line":508,"column":71}},"223":{"start":{"line":509,"column":17},"end":{"line":509,"column":24}},"224":{"start":{"line":510,"column":16},"end":{"line":510,"column":37}},"225":{"start":{"line":511,"column":4},"end":{"line":606,"column":5}},"226":{"start":{"line":513,"column":25},"end":{"line":513,"column":29}},"227":{"start":{"line":514,"column":6},"end":{"line":526,"column":7}},"228":{"start":{"line":515,"column":8},"end":{"line":515,"column":50}},"229":{"start":{"line":517,"column":26},"end":{"line":522,"column":9}},"230":{"start":{"line":523,"column":8},"end":{"line":525,"column":9}},"231":{"start":{"line":524,"column":10},"end":{"line":524,"column":55}},"232":{"start":{"line":529,"column":25},"end":{"line":529,"column":27}},"233":{"start":{"line":530,"column":6},"end":{"line":542,"column":7}},"234":{"start":{"line":531,"column":8},"end":{"line":531,"column":35}},"235":{"start":{"line":533,"column":26},"end":{"line":538,"column":9}},"236":{"start":{"line":539,"column":8},"end":{"line":541,"column":9}},"237":{"start":{"line":540,"column":10},"end":{"line":540,"column":55}},"238":{"start":{"line":545,"column":19},"end":{"line":545,"column":21}},"239":{"start":{"line":546,"column":6},"end":{"line":552,"column":7}},"240":{"start":{"line":547,"column":8},"end":{"line":549,"column":11}},"241":{"start":{"line":548,"column":10},"end":{"line":548,"column":29}},"242":{"start":{"line":551,"column":8},"end":{"line":551,"column":32}},"243":{"start":{"line":554,"column":6},"end":{"line":573,"column":7}},"244":{"start":{"line":555,"column":8},"end":{"line":558,"column":11}},"245":{"start":{"line":560,"column":20},"end":{"line":560,"column":85}},"246":{"start":{"line":561,"column":26},"end":{"line":561,"column":28}},"247":{"start":{"line":562,"column":8},"end":{"line":567,"column":9}},"248":{"start":{"line":563,"column":21},"end":{"line":563,"column":70}},"249":{"start":{"line":564,"column":10},"end":{"line":564,"column":27}},"250":{"start":{"line":566,"column":10},"end":{"line":566,"column":45}},"251":{"start":{"line":568,"column":8},"end":{"line":571,"column":11}},"252":{"start":{"line":572,"column":8},"end":{"line":572,"column":56}},"253":{"start":{"line":575,"column":6},"end":{"line":575,"column":30}},"254":{"start":{"line":577,"column":24},"end":{"line":582,"column":7}},"255":{"start":{"line":583,"column":6},"end":{"line":585,"column":7}},"256":{"start":{"line":584,"column":8},"end":{"line":584,"column":53}},"257":{"start":{"line":586,"column":6},"end":{"line":604,"column":7}},"258":{"start":{"line":587,"column":8},"end":{"line":590,"column":11}},"259":{"start":{"line":592,"column":26},"end":{"line":592,"column":28}},"260":{"start":{"line":593,"column":8},"end":{"line":598,"column":9}},"261":{"start":{"line":594,"column":21},"end":{"line":594,"column":70}},"262":{"start":{"line":595,"column":10},"end":{"line":595,"column":27}},"263":{"start":{"line":597,"column":10},"end":{"line":597,"column":45}},"264":{"start":{"line":599,"column":8},"end":{"line":602,"column":11}},"265":{"start":{"line":603,"column":8},"end":{"line":603,"column":57}},"266":{"start":{"line":605,"column":6},"end":{"line":605,"column":30}},"267":{"start":{"line":610,"column":0},"end":{"line":610,"column":29}}},"fnMap":{"0":{"name":"(anonymous_0)","decl":{"start":{"line":10,"column":2},"end":{"line":10,"column":3}},"loc":{"start":{"line":10,"column":19},"end":{"line":97,"column":3}},"line":10},"1":{"name":"(anonymous_1)","decl":{"start":{"line":81,"column":14},"end":{"line":81,"column":15}},"loc":{"start":{"line":81,"column":22},"end":{"line":81,"column":34}},"line":81},"2":{"name":"(anonymous_2)","decl":{"start":{"line":99,"column":2},"end":{"line":99,"column":3}},"loc":{"start":{"line":99,"column":11},"end":{"line":107,"column":3}},"line":99},"3":{"name":"(anonymous_3)","decl":{"start":{"line":109,"column":2},"end":{"line":109,"column":3}},"loc":{"start":{"line":109,"column":16},"end":{"line":115,"column":3}},"line":109},"4":{"name":"(anonymous_4)","decl":{"start":{"line":117,"column":2},"end":{"line":117,"column":3}},"loc":{"start":{"line":117,"column":18},"end":{"line":136,"column":3}},"line":117},"5":{"name":"(anonymous_5)","decl":{"start":{"line":126,"column":17},"end":{"line":126,"column":18}},"loc":{"start":{"line":126,"column":25},"end":{"line":130,"column":5}},"line":126},"6":{"name":"(anonymous_6)","decl":{"start":{"line":138,"column":2},"end":{"line":138,"column":3}},"loc":{"start":{"line":138,"column":34},"end":{"line":151,"column":3}},"line":138},"7":{"name":"(anonymous_7)","decl":{"start":{"line":153,"column":2},"end":{"line":153,"column":3}},"loc":{"start":{"line":153,"column":17},"end":{"line":161,"column":3}},"line":153},"8":{"name":"(anonymous_8)","decl":{"start":{"line":163,"column":2},"end":{"line":163,"column":3}},"loc":{"start":{"line":163,"column":14},"end":{"line":179,"column":3}},"line":163},"9":{"name":"(anonymous_9)","decl":{"start":{"line":173,"column":24},"end":{"line":173,"column":25}},"loc":{"start":{"line":173,"column":32},"end":{"line":177,"column":5}},"line":173},"10":{"name":"(anonymous_10)","decl":{"start":{"line":181,"column":2},"end":{"line":181,"column":3}},"loc":{"start":{"line":181,"column":32},"end":{"line":202,"column":3}},"line":181},"11":{"name":"(anonymous_11)","decl":{"start":{"line":192,"column":29},"end":{"line":192,"column":30}},"loc":{"start":{"line":192,"column":37},"end":{"line":198,"column":7}},"line":192},"12":{"name":"(anonymous_12)","decl":{"start":{"line":204,"column":2},"end":{"line":204,"column":3}},"loc":{"start":{"line":204,"column":20},"end":{"line":233,"column":3}},"line":204},"13":{"name":"(anonymous_13)","decl":{"start":{"line":218,"column":16},"end":{"line":218,"column":17}},"loc":{"start":{"line":218,"column":24},"end":{"line":231,"column":5}},"line":218},"14":{"name":"(anonymous_14)","decl":{"start":{"line":235,"column":2},"end":{"line":235,"column":3}},"loc":{"start":{"line":235,"column":19},"end":{"line":247,"column":3}},"line":235},"15":{"name":"(anonymous_15)","decl":{"start":{"line":239,"column":16},"end":{"line":239,"column":17}},"loc":{"start":{"line":239,"column":24},"end":{"line":245,"column":5}},"line":239},"16":{"name":"(anonymous_16)","decl":{"start":{"line":249,"column":2},"end":{"line":249,"column":3}},"loc":{"start":{"line":249,"column":14},"end":{"line":295,"column":3}},"line":249},"17":{"name":"(anonymous_17)","decl":{"start":{"line":297,"column":2},"end":{"line":297,"column":3}},"loc":{"start":{"line":297,"column":15},"end":{"line":350,"column":3}},"line":297},"18":{"name":"(anonymous_18)","decl":{"start":{"line":352,"column":2},"end":{"line":352,"column":3}},"loc":{"start":{"line":352,"column":44},"end":{"line":365,"column":3}},"line":352},"19":{"name":"(anonymous_19)","decl":{"start":{"line":367,"column":2},"end":{"line":367,"column":3}},"loc":{"start":{"line":367,"column":18},"end":{"line":380,"column":3}},"line":367},"20":{"name":"(anonymous_20)","decl":{"start":{"line":382,"column":2},"end":{"line":382,"column":3}},"loc":{"start":{"line":382,"column":18},"end":{"line":481,"column":3}},"line":382},"21":{"name":"(anonymous_21)","decl":{"start":{"line":483,"column":2},"end":{"line":483,"column":3}},"loc":{"start":{"line":483,"column":11},"end":{"line":500,"column":3}},"line":483},"22":{"name":"(anonymous_22)","decl":{"start":{"line":489,"column":47},"end":{"line":489,"column":48}},"loc":{"start":{"line":489,"column":53},"end":{"line":491,"column":9}},"line":489},"23":{"name":"(anonymous_23)","decl":{"start":{"line":502,"column":2},"end":{"line":502,"column":3}},"loc":{"start":{"line":502,"column":17},"end":{"line":607,"column":3}},"line":502},"24":{"name":"(anonymous_24)","decl":{"start":{"line":547,"column":29},"end":{"line":547,"column":30}},"loc":{"start":{"line":547,"column":37},"end":{"line":549,"column":9}},"line":547}},"branchMap":{"0":{"loc":{"start":{"line":14,"column":4},"end":{"line":16,"column":5}},"type":"if","locations":[{"start":{"line":14,"column":4},"end":{"line":16,"column":5}},{"start":{"line":14,"column":4},"end":{"line":16,"column":5}}],"line":14},"1":{"loc":{"start":{"line":22,"column":4},"end":{"line":27,"column":5}},"type":"if","locations":[{"start":{"line":22,"column":4},"end":{"line":27,"column":5}},{"start":{"line":22,"column":4},"end":{"line":27,"column":5}}],"line":22},"2":{"loc":{"start":{"line":30,"column":4},"end":{"line":43,"column":5}},"type":"if","locations":[{"start":{"line":30,"column":4},"end":{"line":43,"column":5}},{"start":{"line":30,"column":4},"end":{"line":43,"column":5}}],"line":30},"3":{"loc":{"start":{"line":44,"column":4},"end":{"line":46,"column":5}},"type":"if","locations":[{"start":{"line":44,"column":4},"end":{"line":46,"column":5}},{"start":{"line":44,"column":4},"end":{"line":46,"column":5}}],"line":44},"4":{"loc":{"start":{"line":55,"column":4},"end":{"line":61,"column":5}},"type":"if","locations":[{"start":{"line":55,"column":4},"end":{"line":61,"column":5}},{"start":{"line":55,"column":4},"end":{"line":61,"column":5}}],"line":55},"5":{"loc":{"start":{"line":55,"column":8},"end":{"line":55,"column":43}},"type":"binary-expr","locations":[{"start":{"line":55,"column":8},"end":{"line":55,"column":20}},{"start":{"line":55,"column":24},"end":{"line":55,"column":43}}],"line":55},"6":{"loc":{"start":{"line":71,"column":20},"end":{"line":71,"column":53}},"type":"cond-expr","locations":[{"start":{"line":71,"column":29},"end":{"line":71,"column":48}},{"start":{"line":71,"column":51},"end":{"line":71,"column":53}}],"line":71},"7":{"loc":{"start":{"line":73,"column":15},"end":{"line":73,"column":37}},"type":"cond-expr","locations":[{"start":{"line":73,"column":21},"end":{"line":73,"column":32}},{"start":{"line":73,"column":35},"end":{"line":73,"column":37}}],"line":73},"8":{"loc":{"start":{"line":77,"column":16},"end":{"line":77,"column":45}},"type":"cond-expr","locations":[{"start":{"line":77,"column":25},"end":{"line":77,"column":40}},{"start":{"line":77,"column":43},"end":{"line":77,"column":45}}],"line":77},"9":{"loc":{"start":{"line":100,"column":16},"end":{"line":100,"column":41}},"type":"binary-expr","locations":[{"start":{"line":100,"column":16},"end":{"line":100,"column":35}},{"start":{"line":100,"column":39},"end":{"line":100,"column":41}}],"line":100},"10":{"loc":{"start":{"line":102,"column":16},"end":{"line":102,"column":34}},"type":"binary-expr","locations":[{"start":{"line":102,"column":16},"end":{"line":102,"column":28}},{"start":{"line":102,"column":32},"end":{"line":102,"column":34}}],"line":102},"11":{"loc":{"start":{"line":103,"column":19},"end":{"line":103,"column":40}},"type":"binary-expr","locations":[{"start":{"line":103,"column":19},"end":{"line":103,"column":34}},{"start":{"line":103,"column":38},"end":{"line":103,"column":40}}],"line":103},"12":{"loc":{"start":{"line":104,"column":19},"end":{"line":104,"column":40}},"type":"binary-expr","locations":[{"start":{"line":104,"column":19},"end":{"line":104,"column":34}},{"start":{"line":104,"column":38},"end":{"line":104,"column":40}}],"line":104},"13":{"loc":{"start":{"line":105,"column":13},"end":{"line":105,"column":28}},"type":"binary-expr","locations":[{"start":{"line":105,"column":13},"end":{"line":105,"column":22}},{"start":{"line":105,"column":26},"end":{"line":105,"column":28}}],"line":105},"14":{"loc":{"start":{"line":111,"column":4},"end":{"line":113,"column":5}},"type":"if","locations":[{"start":{"line":111,"column":4},"end":{"line":113,"column":5}},{"start":{"line":111,"column":4},"end":{"line":113,"column":5}}],"line":111},"15":{"loc":{"start":{"line":118,"column":4},"end":{"line":120,"column":5}},"type":"if","locations":[{"start":{"line":118,"column":4},"end":{"line":120,"column":5}},{"start":{"line":118,"column":4},"end":{"line":120,"column":5}}],"line":118},"16":{"loc":{"start":{"line":121,"column":15},"end":{"line":123,"column":27}},"type":"binary-expr","locations":[{"start":{"line":121,"column":15},"end":{"line":123,"column":6}},{"start":{"line":123,"column":10},"end":{"line":123,"column":27}}],"line":121},"17":{"loc":{"start":{"line":127,"column":6},"end":{"line":129,"column":7}},"type":"if","locations":[{"start":{"line":127,"column":6},"end":{"line":129,"column":7}},{"start":{"line":127,"column":6},"end":{"line":129,"column":7}}],"line":127},"18":{"loc":{"start":{"line":146,"column":4},"end":{"line":148,"column":5}},"type":"if","locations":[{"start":{"line":146,"column":4},"end":{"line":148,"column":5}},{"start":{"line":146,"column":4},"end":{"line":148,"column":5}}],"line":146},"19":{"loc":{"start":{"line":174,"column":6},"end":{"line":176,"column":7}},"type":"if","locations":[{"start":{"line":174,"column":6},"end":{"line":176,"column":7}},{"start":{"line":174,"column":6},"end":{"line":176,"column":7}}],"line":174},"20":{"loc":{"start":{"line":182,"column":4},"end":{"line":184,"column":5}},"type":"if","locations":[{"start":{"line":182,"column":4},"end":{"line":184,"column":5}},{"start":{"line":182,"column":4},"end":{"line":184,"column":5}}],"line":182},"21":{"loc":{"start":{"line":186,"column":4},"end":{"line":200,"column":5}},"type":"if","locations":[{"start":{"line":186,"column":4},"end":{"line":200,"column":5}},{"start":{"line":186,"column":4},"end":{"line":200,"column":5}}],"line":186},"22":{"loc":{"start":{"line":186,"column":8},"end":{"line":186,"column":47}},"type":"binary-expr","locations":[{"start":{"line":186,"column":8},"end":{"line":186,"column":22}},{"start":{"line":186,"column":26},"end":{"line":186,"column":47}}],"line":186},"23":{"loc":{"start":{"line":189,"column":6},"end":{"line":191,"column":7}},"type":"if","locations":[{"start":{"line":189,"column":6},"end":{"line":191,"column":7}},{"start":{"line":189,"column":6},"end":{"line":191,"column":7}}],"line":189},"24":{"loc":{"start":{"line":193,"column":22},"end":{"line":193,"column":61}},"type":"cond-expr","locations":[{"start":{"line":193,"column":51},"end":{"line":193,"column":56}},{"start":{"line":193,"column":59},"end":{"line":193,"column":61}}],"line":193},"25":{"loc":{"start":{"line":206,"column":4},"end":{"line":208,"column":5}},"type":"if","locations":[{"start":{"line":206,"column":4},"end":{"line":208,"column":5}},{"start":{"line":206,"column":4},"end":{"line":208,"column":5}}],"line":206},"26":{"loc":{"start":{"line":213,"column":4},"end":{"line":215,"column":5}},"type":"if","locations":[{"start":{"line":213,"column":4},"end":{"line":215,"column":5}},{"start":{"line":213,"column":4},"end":{"line":215,"column":5}}],"line":213},"27":{"loc":{"start":{"line":213,"column":8},"end":{"line":213,"column":42}},"type":"binary-expr","locations":[{"start":{"line":213,"column":8},"end":{"line":213,"column":15}},{"start":{"line":213,"column":19},"end":{"line":213,"column":42}}],"line":213},"28":{"loc":{"start":{"line":220,"column":6},"end":{"line":222,"column":7}},"type":"if","locations":[{"start":{"line":220,"column":6},"end":{"line":222,"column":7}},{"start":{"line":220,"column":6},"end":{"line":222,"column":7}}],"line":220},"29":{"loc":{"start":{"line":220,"column":10},"end":{"line":220,"column":45}},"type":"binary-expr","locations":[{"start":{"line":220,"column":10},"end":{"line":220,"column":23}},{"start":{"line":220,"column":27},"end":{"line":220,"column":45}}],"line":220},"30":{"loc":{"start":{"line":227,"column":6},"end":{"line":229,"column":7}},"type":"if","locations":[{"start":{"line":227,"column":6},"end":{"line":229,"column":7}},{"start":{"line":227,"column":6},"end":{"line":229,"column":7}}],"line":227},"31":{"loc":{"start":{"line":240,"column":6},"end":{"line":244,"column":7}},"type":"if","locations":[{"start":{"line":240,"column":6},"end":{"line":244,"column":7}},{"start":{"line":240,"column":6},"end":{"line":244,"column":7}}],"line":240},"32":{"loc":{"start":{"line":246,"column":11},"end":{"line":246,"column":31}},"type":"cond-expr","locations":[{"start":{"line":246,"column":19},"end":{"line":246,"column":25}},{"start":{"line":246,"column":28},"end":{"line":246,"column":31}}],"line":246},"33":{"loc":{"start":{"line":253,"column":4},"end":{"line":255,"column":5}},"type":"if","locations":[{"start":{"line":253,"column":4},"end":{"line":255,"column":5}},{"start":{"line":253,"column":4},"end":{"line":255,"column":5}}],"line":253},"34":{"loc":{"start":{"line":256,"column":4},"end":{"line":261,"column":5}},"type":"if","locations":[{"start":{"line":256,"column":4},"end":{"line":261,"column":5}},{"start":{"line":256,"column":4},"end":{"line":261,"column":5}}],"line":256},"35":{"loc":{"start":{"line":262,"column":21},"end":{"line":264,"column":55}},"type":"cond-expr","locations":[{"start":{"line":263,"column":8},"end":{"line":263,"column":48}},{"start":{"line":264,"column":8},"end":{"line":264,"column":55}}],"line":262},"36":{"loc":{"start":{"line":266,"column":4},"end":{"line":271,"column":5}},"type":"if","locations":[{"start":{"line":266,"column":4},"end":{"line":271,"column":5}},{"start":{"line":266,"column":4},"end":{"line":271,"column":5}}],"line":266},"37":{"loc":{"start":{"line":272,"column":4},"end":{"line":277,"column":5}},"type":"if","locations":[{"start":{"line":272,"column":4},"end":{"line":277,"column":5}},{"start":{"line":272,"column":4},"end":{"line":277,"column":5}}],"line":272},"38":{"loc":{"start":{"line":272,"column":8},"end":{"line":272,"column":65}},"type":"binary-expr","locations":[{"start":{"line":272,"column":8},"end":{"line":272,"column":23}},{"start":{"line":272,"column":27},"end":{"line":272,"column":65}}],"line":272},"39":{"loc":{"start":{"line":278,"column":4},"end":{"line":287,"column":5}},"type":"if","locations":[{"start":{"line":278,"column":4},"end":{"line":287,"column":5}},{"start":{"line":278,"column":4},"end":{"line":287,"column":5}}],"line":278},"40":{"loc":{"start":{"line":280,"column":6},"end":{"line":282,"column":7}},"type":"if","locations":[{"start":{"line":280,"column":6},"end":{"line":282,"column":7}},{"start":{"line":280,"column":6},"end":{"line":282,"column":7}}],"line":280},"41":{"loc":{"start":{"line":288,"column":4},"end":{"line":293,"column":5}},"type":"if","locations":[{"start":{"line":288,"column":4},"end":{"line":293,"column":5}},{"start":{"line":288,"column":4},"end":{"line":293,"column":5}}],"line":288},"42":{"loc":{"start":{"line":301,"column":4},"end":{"line":303,"column":5}},"type":"if","locations":[{"start":{"line":301,"column":4},"end":{"line":303,"column":5}},{"start":{"line":301,"column":4},"end":{"line":303,"column":5}}],"line":301},"43":{"loc":{"start":{"line":304,"column":4},"end":{"line":309,"column":5}},"type":"if","locations":[{"start":{"line":304,"column":4},"end":{"line":309,"column":5}},{"start":{"line":304,"column":4},"end":{"line":309,"column":5}}],"line":304},"44":{"loc":{"start":{"line":311,"column":21},"end":{"line":313,"column":57}},"type":"cond-expr","locations":[{"start":{"line":312,"column":8},"end":{"line":312,"column":51}},{"start":{"line":313,"column":8},"end":{"line":313,"column":57}}],"line":311},"45":{"loc":{"start":{"line":315,"column":4},"end":{"line":320,"column":5}},"type":"if","locations":[{"start":{"line":315,"column":4},"end":{"line":320,"column":5}},{"start":{"line":315,"column":4},"end":{"line":320,"column":5}}],"line":315},"46":{"loc":{"start":{"line":321,"column":4},"end":{"line":326,"column":5}},"type":"if","locations":[{"start":{"line":321,"column":4},"end":{"line":326,"column":5}},{"start":{"line":321,"column":4},"end":{"line":326,"column":5}}],"line":321},"47":{"loc":{"start":{"line":327,"column":4},"end":{"line":332,"column":5}},"type":"if","locations":[{"start":{"line":327,"column":4},"end":{"line":332,"column":5}},{"start":{"line":327,"column":4},"end":{"line":332,"column":5}}],"line":327},"48":{"loc":{"start":{"line":327,"column":8},"end":{"line":327,"column":65}},"type":"binary-expr","locations":[{"start":{"line":327,"column":8},"end":{"line":327,"column":23}},{"start":{"line":327,"column":27},"end":{"line":327,"column":65}}],"line":327},"49":{"loc":{"start":{"line":333,"column":4},"end":{"line":342,"column":5}},"type":"if","locations":[{"start":{"line":333,"column":4},"end":{"line":342,"column":5}},{"start":{"line":333,"column":4},"end":{"line":342,"column":5}}],"line":333},"50":{"loc":{"start":{"line":335,"column":6},"end":{"line":337,"column":7}},"type":"if","locations":[{"start":{"line":335,"column":6},"end":{"line":337,"column":7}},{"start":{"line":335,"column":6},"end":{"line":337,"column":7}}],"line":335},"51":{"loc":{"start":{"line":343,"column":4},"end":{"line":348,"column":5}},"type":"if","locations":[{"start":{"line":343,"column":4},"end":{"line":348,"column":5}},{"start":{"line":343,"column":4},"end":{"line":348,"column":5}}],"line":343},"52":{"loc":{"start":{"line":355,"column":4},"end":{"line":357,"column":5}},"type":"if","locations":[{"start":{"line":355,"column":4},"end":{"line":357,"column":5}},{"start":{"line":355,"column":4},"end":{"line":357,"column":5}}],"line":355},"53":{"loc":{"start":{"line":369,"column":4},"end":{"line":378,"column":5}},"type":"if","locations":[{"start":{"line":369,"column":4},"end":{"line":378,"column":5}},{"start":{"line":369,"column":4},"end":{"line":378,"column":5}}],"line":369},"54":{"loc":{"start":{"line":372,"column":15},"end":{"line":372,"column":52}},"type":"cond-expr","locations":[{"start":{"line":372,"column":27},"end":{"line":372,"column":47}},{"start":{"line":372,"column":50},"end":{"line":372,"column":52}}],"line":372},"55":{"loc":{"start":{"line":373,"column":16},"end":{"line":373,"column":54}},"type":"cond-expr","locations":[{"start":{"line":373,"column":28},"end":{"line":373,"column":49}},{"start":{"line":373,"column":52},"end":{"line":373,"column":54}}],"line":373},"56":{"loc":{"start":{"line":375,"column":15},"end":{"line":375,"column":53}},"type":"cond-expr","locations":[{"start":{"line":375,"column":27},"end":{"line":375,"column":48}},{"start":{"line":375,"column":51},"end":{"line":375,"column":53}}],"line":375},"57":{"loc":{"start":{"line":386,"column":4},"end":{"line":388,"column":5}},"type":"if","locations":[{"start":{"line":386,"column":4},"end":{"line":388,"column":5}},{"start":{"line":386,"column":4},"end":{"line":388,"column":5}}],"line":386},"58":{"loc":{"start":{"line":390,"column":4},"end":{"line":396,"column":5}},"type":"if","locations":[{"start":{"line":390,"column":4},"end":{"line":396,"column":5}},{"start":{"line":390,"column":4},"end":{"line":396,"column":5}}],"line":390},"59":{"loc":{"start":{"line":399,"column":4},"end":{"line":405,"column":5}},"type":"if","locations":[{"start":{"line":399,"column":4},"end":{"line":405,"column":5}},{"start":{"line":399,"column":4},"end":{"line":405,"column":5}}],"line":399},"60":{"loc":{"start":{"line":421,"column":4},"end":{"line":423,"column":5}},"type":"if","locations":[{"start":{"line":421,"column":4},"end":{"line":423,"column":5}},{"start":{"line":421,"column":4},"end":{"line":423,"column":5}}],"line":421},"61":{"loc":{"start":{"line":425,"column":4},"end":{"line":431,"column":5}},"type":"if","locations":[{"start":{"line":425,"column":4},"end":{"line":431,"column":5}},{"start":{"line":425,"column":4},"end":{"line":431,"column":5}}],"line":425},"62":{"loc":{"start":{"line":432,"column":4},"end":{"line":445,"column":5}},"type":"if","locations":[{"start":{"line":432,"column":4},"end":{"line":445,"column":5}},{"start":{"line":432,"column":4},"end":{"line":445,"column":5}}],"line":432},"63":{"loc":{"start":{"line":434,"column":6},"end":{"line":439,"column":7}},"type":"if","locations":[{"start":{"line":434,"column":6},"end":{"line":439,"column":7}},{"start":{"line":434,"column":6},"end":{"line":439,"column":7}}],"line":434},"64":{"loc":{"start":{"line":440,"column":6},"end":{"line":443,"column":7}},"type":"if","locations":[{"start":{"line":440,"column":6},"end":{"line":443,"column":7}},{"start":{"line":440,"column":6},"end":{"line":443,"column":7}}],"line":440},"65":{"loc":{"start":{"line":447,"column":4},"end":{"line":453,"column":5}},"type":"if","locations":[{"start":{"line":447,"column":4},"end":{"line":453,"column":5}},{"start":{"line":447,"column":4},"end":{"line":453,"column":5}}],"line":447},"66":{"loc":{"start":{"line":447,"column":8},"end":{"line":447,"column":65}},"type":"binary-expr","locations":[{"start":{"line":447,"column":8},"end":{"line":447,"column":23}},{"start":{"line":447,"column":27},"end":{"line":447,"column":65}}],"line":447},"67":{"loc":{"start":{"line":455,"column":4},"end":{"line":461,"column":5}},"type":"if","locations":[{"start":{"line":455,"column":4},"end":{"line":461,"column":5}},{"start":{"line":455,"column":4},"end":{"line":461,"column":5}}],"line":455},"68":{"loc":{"start":{"line":463,"column":4},"end":{"line":469,"column":5}},"type":"if","locations":[{"start":{"line":463,"column":4},"end":{"line":469,"column":5}},{"start":{"line":463,"column":4},"end":{"line":469,"column":5}}],"line":463},"69":{"loc":{"start":{"line":473,"column":4},"end":{"line":479,"column":5}},"type":"if","locations":[{"start":{"line":473,"column":4},"end":{"line":479,"column":5}},{"start":{"line":473,"column":4},"end":{"line":479,"column":5}}],"line":473},"70":{"loc":{"start":{"line":473,"column":8},"end":{"line":473,"column":75}},"type":"binary-expr","locations":[{"start":{"line":473,"column":8},"end":{"line":473,"column":25}},{"start":{"line":473,"column":29},"end":{"line":473,"column":54}},{"start":{"line":473,"column":58},"end":{"line":473,"column":75}}],"line":473},"71":{"loc":{"start":{"line":486,"column":4},"end":{"line":498,"column":5}},"type":"if","locations":[{"start":{"line":486,"column":4},"end":{"line":498,"column":5}},{"start":{"line":486,"column":4},"end":{"line":498,"column":5}}],"line":486},"72":{"loc":{"start":{"line":488,"column":6},"end":{"line":497,"column":7}},"type":"if","locations":[{"start":{"line":488,"column":6},"end":{"line":497,"column":7}},{"start":{"line":488,"column":6},"end":{"line":497,"column":7}}],"line":488},"73":{"loc":{"start":{"line":488,"column":10},"end":{"line":488,"column":55}},"type":"binary-expr","locations":[{"start":{"line":488,"column":10},"end":{"line":488,"column":27}},{"start":{"line":488,"column":31},"end":{"line":488,"column":55}}],"line":488},"74":{"loc":{"start":{"line":492,"column":8},"end":{"line":496,"column":9}},"type":"if","locations":[{"start":{"line":492,"column":8},"end":{"line":496,"column":9}},{"start":{"line":492,"column":8},"end":{"line":496,"column":9}}],"line":492},"75":{"loc":{"start":{"line":494,"column":23},"end":{"line":494,"column":53}},"type":"binary-expr","locations":[{"start":{"line":494,"column":23},"end":{"line":494,"column":38}},{"start":{"line":494,"column":42},"end":{"line":494,"column":53}}],"line":494},"76":{"loc":{"start":{"line":508,"column":25},"end":{"line":508,"column":71}},"type":"cond-expr","locations":[{"start":{"line":508,"column":49},"end":{"line":508,"column":62}},{"start":{"line":508,"column":65},"end":{"line":508,"column":71}}],"line":508},"77":{"loc":{"start":{"line":511,"column":4},"end":{"line":606,"column":5}},"type":"if","locations":[{"start":{"line":511,"column":4},"end":{"line":606,"column":5}},{"start":{"line":511,"column":4},"end":{"line":606,"column":5}}],"line":511},"78":{"loc":{"start":{"line":514,"column":6},"end":{"line":526,"column":7}},"type":"if","locations":[{"start":{"line":514,"column":6},"end":{"line":526,"column":7}},{"start":{"line":514,"column":6},"end":{"line":526,"column":7}}],"line":514},"79":{"loc":{"start":{"line":523,"column":8},"end":{"line":525,"column":9}},"type":"if","locations":[{"start":{"line":523,"column":8},"end":{"line":525,"column":9}},{"start":{"line":523,"column":8},"end":{"line":525,"column":9}}],"line":523},"80":{"loc":{"start":{"line":530,"column":6},"end":{"line":542,"column":7}},"type":"if","locations":[{"start":{"line":530,"column":6},"end":{"line":542,"column":7}},{"start":{"line":530,"column":6},"end":{"line":542,"column":7}}],"line":530},"81":{"loc":{"start":{"line":539,"column":8},"end":{"line":541,"column":9}},"type":"if","locations":[{"start":{"line":539,"column":8},"end":{"line":541,"column":9}},{"start":{"line":539,"column":8},"end":{"line":541,"column":9}}],"line":539},"82":{"loc":{"start":{"line":546,"column":6},"end":{"line":552,"column":7}},"type":"if","locations":[{"start":{"line":546,"column":6},"end":{"line":552,"column":7}},{"start":{"line":546,"column":6},"end":{"line":552,"column":7}}],"line":546},"83":{"loc":{"start":{"line":554,"column":6},"end":{"line":573,"column":7}},"type":"if","locations":[{"start":{"line":554,"column":6},"end":{"line":573,"column":7}},{"start":{"line":554,"column":6},"end":{"line":573,"column":7}}],"line":554},"84":{"loc":{"start":{"line":560,"column":20},"end":{"line":560,"column":85}},"type":"cond-expr","locations":[{"start":{"line":560,"column":57},"end":{"line":560,"column":70}},{"start":{"line":560,"column":73},"end":{"line":560,"column":85}}],"line":560},"85":{"loc":{"start":{"line":562,"column":8},"end":{"line":567,"column":9}},"type":"if","locations":[{"start":{"line":562,"column":8},"end":{"line":567,"column":9}},{"start":{"line":562,"column":8},"end":{"line":567,"column":9}}],"line":562},"86":{"loc":{"start":{"line":583,"column":6},"end":{"line":585,"column":7}},"type":"if","locations":[{"start":{"line":583,"column":6},"end":{"line":585,"column":7}},{"start":{"line":583,"column":6},"end":{"line":585,"column":7}}],"line":583},"87":{"loc":{"start":{"line":586,"column":6},"end":{"line":604,"column":7}},"type":"if","locations":[{"start":{"line":586,"column":6},"end":{"line":604,"column":7}},{"start":{"line":586,"column":6},"end":{"line":604,"column":7}}],"line":586},"88":{"loc":{"start":{"line":593,"column":8},"end":{"line":598,"column":9}},"type":"if","locations":[{"start":{"line":593,"column":8},"end":{"line":598,"column":9}},{"start":{"line":593,"column":8},"end":{"line":598,"column":9}}],"line":593}},"s":{"0":1,"1":1,"2":1,"3":1,"4":1,"5":1,"6":1,"7":1,"8":1,"9":1,"10":0,"11":1,"12":1,"13":1,"14":1,"15":1,"16":1,"17":1,"18":1,"19":1,"20":0,"21":0,"22":0,"23":0,"24":0,"25":0,"26":0,"27":0,"28":0,"29":0,"30":0,"31":0,"32":0,"33":0,"34":0,"35":0,"36":0,"37":0,"38":0,"39":0,"40":0,"41":0,"42":0,"43":0,"44":0,"45":0,"46":0,"47":0,"48":0,"49":0,"50":0,"51":0,"52":0,"53":0,"54":0,"55":0,"56":0,"57":0,"58":0,"59":0,"60":0,"61":0,"62":0,"63":0,"64":0,"65":0,"66":0,"67":0,"68":0,"69":0,"70":0,"71":0,"72":0,"73":0,"74":0,"75":0,"76":0,"77":0,"78":0,"79":0,"80":0,"81":0,"82":0,"83":0,"84":0,"85":0,"86":0,"87":0,"88":0,"89":0,"90":0,"91":0,"92":0,"93":0,"94":0,"95":0,"96":0,"97":0,"98":0,"99":0,"100":0,"101":0,"102":0,"103":0,"104":0,"105":0,"106":0,"107":0,"108":0,"109":0,"110":0,"111":0,"112":0,"113":0,"114":0,"115":0,"116":0,"117":0,"118":0,"119":0,"120":0,"121":0,"122":0,"123":0,"124":0,"125":0,"126":0,"127":0,"128":0,"129":0,"130":0,"131":0,"132":0,"133":0,"134":0,"135":0,"136":0,"137":0,"138":0,"139":0,"140":0,"141":0,"142":0,"143":0,"144":0,"145":0,"146":0,"147":0,"148":0,"149":0,"150":0,"151":0,"152":0,"153":0,"154":0,"155":0,"156":0,"157":0,"158":0,"159":0,"160":0,"161":0,"162":0,"163":0,"164":0,"165":0,"166":0,"167":0,"168":0,"169":0,"170":0,"171":0,"172":0,"173":0,"174":0,"175":0,"176":0,"177":0,"178":0,"179":0,"180":0,"181":0,"182":0,"183":0,"184":0,"185":0,"186":0,"187":0,"188":0,"189":0,"190":0,"191":0,"192":0,"193":0,"194":0,"195":0,"196":0,"197":0,"198":0,"199":0,"200":0,"201":0,"202":0,"203":0,"204":0,"205":0,"206":0,"207":0,"208":0,"209":0,"210":0,"211":0,"212":0,"213":0,"214":0,"215":0,"216":0,"217":0,"218":0,"219":1,"220":1,"221":1,"222":1,"223":1,"224":1,"225":1,"226":0,"227":0,"228":0,"229":0,"230":0,"231":0,"232":0,"233":0,"234":0,"235":0,"236":0,"237":0,"238":0,"239":0,"240":0,"241":0,"242":0,"243":0,"244":0,"245":0,"246":0,"247":0,"248":0,"249":0,"250":0,"251":0,"252":0,"253":0,"254":1,"255":1,"256":1,"257":1,"258":0,"259":1,"260":1,"261":0,"262":0,"263":1,"264":1,"265":1,"266":1,"267":1},"f":{"0":1,"1":0,"2":0,"3":0,"4":0,"5":0,"6":0,"7":0,"8":0,"9":0,"10":0,"11":0,"12":0,"13":0,"14":0,"15":0,"16":0,"17":0,"18":0,"19":0,"20":0,"21":0,"22":0,"23":1,"24":0},"b":{"0":[0,1],"1":[1,0],"2":[1,0],"3":[0,0],"4":[0,0],"5":[0,0],"6":[0,0],"7":[0,0],"8":[0,0],"9":[0,0],"10":[0,0],"11":[0,0],"12":[0,0],"13":[0,0],"14":[0,0],"15":[0,0],"16":[0,0],"17":[0,0],"18":[0,0],"19":[0,0],"20":[0,0],"21":[0,0],"22":[0,0],"23":[0,0],"24":[0,0],"25":[0,0],"26":[0,0],"27":[0,0],"28":[0,0],"29":[0,0],"30":[0,0],"31":[0,0],"32":[0,0],"33":[0,0],"34":[0,0],"35":[0,0],"36":[0,0],"37":[0,0],"38":[0,0],"39":[0,0],"40":[0,0],"41":[0,0],"42":[0,0],"43":[0,0],"44":[0,0],"45":[0,0],"46":[0,0],"47":[0,0],"48":[0,0],"49":[0,0],"50":[0,0],"51":[0,0],"52":[0,0],"53":[0,0],"54":[0,0],"55":[0,0],"56":[0,0],"57":[0,0],"58":[0,0],"59":[0,0],"60":[0,0],"61":[0,0],"62":[0,0],"63":[0,0],"64":[0,0],"65":[0,0],"66":[0,0],"67":[0,0],"68":[0,0],"69":[0,0],"70":[0,0,0],"71":[0,0],"72":[0,0],"73":[0,0],"74":[0,0],"75":[0,0],"76":[0,1],"77":[0,1],"78":[0,0],"79":[0,0],"80":[0,0],"81":[0,0],"82":[0,0],"83":[0,0],"84":[0,0],"85":[0,0],"86":[1,0],"87":[0,1],"88":[0,1]},"_coverageSchema":"43e27e138ebf9cfc5966b082cf9a028302ed4184","hash":"390df039a9b25a71d0ea663b242a52f85afb9e0b","contentHash":"c116495e5c25610b6be21201dd67c454c345fca37501b9931229ff487aa82e07"}
,"D:\\Develop\\Vue\\KnoxEx\\Home\\app\\extend\\application.js": {"path":"D:\\Develop\\Vue\\KnoxEx\\Home\\app\\extend\\application.js","statementMap":{"0":{"start":{"line":1,"column":19},"end":{"line":1,"column":51}},"1":{"start":{"line":2,"column":0},"end":{"line":9,"column":2}},"2":{"start":{"line":4,"column":4},"end":{"line":4,"column":28}},"3":{"start":{"line":7,"column":4},"end":{"line":7,"column":28}}},"fnMap":{"0":{"name":"(anonymous_0)","decl":{"start":{"line":3,"column":2},"end":{"line":3,"column":3}},"loc":{"start":{"line":3,"column":19},"end":{"line":5,"column":3}},"line":3},"1":{"name":"(anonymous_1)","decl":{"start":{"line":6,"column":2},"end":{"line":6,"column":3}},"loc":{"start":{"line":6,"column":22},"end":{"line":8,"column":3}},"line":6}},"branchMap":{},"s":{"0":1,"1":1,"2":0,"3":0},"f":{"0":0,"1":0},"b":{},"_coverageSchema":"43e27e138ebf9cfc5966b082cf9a028302ed4184","hash":"6a30c4e4409c6cede8ad066e11323739f8d1a733","contentHash":"cc02917478bf775569b940328efa4e41c4b3fd7ea14ef23e49dd0e59cf5485bb"}
,"D:\\Develop\\Vue\\KnoxEx\\Home\\app\\extend\\helper.js": {"path":"D:\\Develop\\Vue\\KnoxEx\\Home\\app\\extend\\helper.js","statementMap":{"0":{"start":{"line":1,"column":18},"end":{"line":34,"column":1}},"1":{"start":{"line":3,"column":4},"end":{"line":5,"column":5}},"2":{"start":{"line":4,"column":6},"end":{"line":4,"column":18}},"3":{"start":{"line":6,"column":4},"end":{"line":8,"column":7}},"4":{"start":{"line":11,"column":4},"end":{"line":13,"column":5}},"5":{"start":{"line":12,"column":6},"end":{"line":12,"column":59}},"6":{"start":{"line":14,"column":4},"end":{"line":14,"column":16}},"7":{"start":{"line":17,"column":17},"end":{"line":17,"column":35}},"8":{"start":{"line":18,"column":20},"end":{"line":18,"column":61}},"9":{"start":{"line":19,"column":4},"end":{"line":19,"column":19}},"10":{"start":{"line":22,"column":4},"end":{"line":24,"column":5}},"11":{"start":{"line":23,"column":6},"end":{"line":23,"column":44}},"12":{"start":{"line":26,"column":4},"end":{"line":26,"column":34}},"13":{"start":{"line":29,"column":4},"end":{"line":29,"column":21}},"14":{"start":{"line":32,"column":4},"end":{"line":32,"column":21}},"15":{"start":{"line":36,"column":15},"end":{"line":44,"column":1}},"16":{"start":{"line":38,"column":4},"end":{"line":42,"column":5}},"17":{"start":{"line":39,"column":6},"end":{"line":39,"column":49}},"18":{"start":{"line":41,"column":6},"end":{"line":41,"column":16}},"19":{"start":{"line":46,"column":15},"end":{"line":65,"column":1}},"20":{"start":{"line":48,"column":16},"end":{"line":48,"column":17}},"21":{"start":{"line":49,"column":19},"end":{"line":49,"column":21}},"22":{"start":{"line":50,"column":4},"end":{"line":56,"column":7}},"23":{"start":{"line":51,"column":21},"end":{"line":51,"column":53}},"24":{"start":{"line":52,"column":6},"end":{"line":54,"column":7}},"25":{"start":{"line":53,"column":8},"end":{"line":53,"column":28}},"26":{"start":{"line":55,"column":6},"end":{"line":55,"column":32}},"27":{"start":{"line":57,"column":4},"end":{"line":57,"column":18}},"28":{"start":{"line":60,"column":4},"end":{"line":60,"column":25}},"29":{"start":{"line":63,"column":4},"end":{"line":63,"column":19}},"30":{"start":{"line":67,"column":15},"end":{"line":71,"column":1}},"31":{"start":{"line":69,"column":4},"end":{"line":69,"column":34}},"32":{"start":{"line":73,"column":0},"end":{"line":73,"column":24}},"33":{"start":{"line":75,"column":0},"end":{"line":75,"column":24}},"34":{"start":{"line":77,"column":0},"end":{"line":77,"column":30}},"35":{"start":{"line":79,"column":0},"end":{"line":79,"column":24}}},"fnMap":{"0":{"name":"(anonymous_0)","decl":{"start":{"line":2,"column":2},"end":{"line":2,"column":3}},"loc":{"start":{"line":2,"column":20},"end":{"line":9,"column":3}},"line":2},"1":{"name":"(anonymous_1)","decl":{"start":{"line":10,"column":2},"end":{"line":10,"column":3}},"loc":{"start":{"line":10,"column":39},"end":{"line":15,"column":3}},"line":10},"2":{"name":"(anonymous_2)","decl":{"start":{"line":16,"column":2},"end":{"line":16,"column":3}},"loc":{"start":{"line":16,"column":28},"end":{"line":20,"column":3}},"line":16},"3":{"name":"(anonymous_3)","decl":{"start":{"line":21,"column":2},"end":{"line":21,"column":3}},"loc":{"start":{"line":21,"column":28},"end":{"line":27,"column":3}},"line":21},"4":{"name":"(anonymous_4)","decl":{"start":{"line":28,"column":2},"end":{"line":28,"column":3}},"loc":{"start":{"line":28,"column":19},"end":{"line":30,"column":3}},"line":28},"5":{"name":"(anonymous_5)","decl":{"start":{"line":31,"column":2},"end":{"line":31,"column":3}},"loc":{"start":{"line":31,"column":24},"end":{"line":33,"column":3}},"line":31},"6":{"name":"(anonymous_6)","decl":{"start":{"line":37,"column":2},"end":{"line":37,"column":3}},"loc":{"start":{"line":37,"column":11},"end":{"line":43,"column":3}},"line":37},"7":{"name":"(anonymous_7)","decl":{"start":{"line":47,"column":2},"end":{"line":47,"column":3}},"loc":{"start":{"line":47,"column":19},"end":{"line":58,"column":3}},"line":47},"8":{"name":"(anonymous_8)","decl":{"start":{"line":50,"column":17},"end":{"line":50,"column":18}},"loc":{"start":{"line":50,"column":34},"end":{"line":56,"column":5}},"line":50},"9":{"name":"(anonymous_9)","decl":{"start":{"line":59,"column":2},"end":{"line":59,"column":3}},"loc":{"start":{"line":59,"column":20},"end":{"line":61,"column":3}},"line":59},"10":{"name":"(anonymous_10)","decl":{"start":{"line":62,"column":2},"end":{"line":62,"column":3}},"loc":{"start":{"line":62,"column":18},"end":{"line":64,"column":3}},"line":62},"11":{"name":"(anonymous_11)","decl":{"start":{"line":68,"column":2},"end":{"line":68,"column":3}},"loc":{"start":{"line":68,"column":36},"end":{"line":70,"column":3}},"line":68}},"branchMap":{"0":{"loc":{"start":{"line":3,"column":4},"end":{"line":5,"column":5}},"type":"if","locations":[{"start":{"line":3,"column":4},"end":{"line":5,"column":5}},{"start":{"line":3,"column":4},"end":{"line":5,"column":5}}],"line":3},"1":{"loc":{"start":{"line":10,"column":24},"end":{"line":10,"column":37}},"type":"default-arg","locations":[{"start":{"line":10,"column":35},"end":{"line":10,"column":37}}],"line":10},"2":{"loc":{"start":{"line":11,"column":4},"end":{"line":13,"column":5}},"type":"if","locations":[{"start":{"line":11,"column":4},"end":{"line":13,"column":5}},{"start":{"line":11,"column":4},"end":{"line":13,"column":5}}],"line":11},"3":{"loc":{"start":{"line":11,"column":8},"end":{"line":11,"column":56}},"type":"binary-expr","locations":[{"start":{"line":11,"column":8},"end":{"line":11,"column":12}},{"start":{"line":11,"column":16},"end":{"line":11,"column":24}},{"start":{"line":11,"column":28},"end":{"line":11,"column":56}}],"line":11},"4":{"loc":{"start":{"line":12,"column":13},"end":{"line":12,"column":58}},"type":"binary-expr","locations":[{"start":{"line":12,"column":13},"end":{"line":12,"column":50}},{"start":{"line":12,"column":54},"end":{"line":12,"column":58}}],"line":12},"5":{"loc":{"start":{"line":18,"column":20},"end":{"line":18,"column":61}},"type":"cond-expr","locations":[{"start":{"line":18,"column":37},"end":{"line":18,"column":56}},{"start":{"line":18,"column":59},"end":{"line":18,"column":61}}],"line":18},"6":{"loc":{"start":{"line":22,"column":4},"end":{"line":24,"column":5}},"type":"if","locations":[{"start":{"line":22,"column":4},"end":{"line":24,"column":5}},{"start":{"line":22,"column":4},"end":{"line":24,"column":5}}],"line":22},"7":{"loc":{"start":{"line":38,"column":4},"end":{"line":42,"column":5}},"type":"if","locations":[{"start":{"line":38,"column":4},"end":{"line":42,"column":5}},{"start":{"line":38,"column":4},"end":{"line":42,"column":5}}],"line":38},"8":{"loc":{"start":{"line":39,"column":13},"end":{"line":39,"column":48}},"type":"binary-expr","locations":[{"start":{"line":39,"column":13},"end":{"line":39,"column":33}},{"start":{"line":39,"column":37},"end":{"line":39,"column":48}}],"line":39},"9":{"loc":{"start":{"line":52,"column":6},"end":{"line":54,"column":7}},"type":"if","locations":[{"start":{"line":52,"column":6},"end":{"line":54,"column":7}},{"start":{"line":52,"column":6},"end":{"line":54,"column":7}}],"line":52}},"s":{"0":1,"1":0,"2":0,"3":0,"4":0,"5":0,"6":0,"7":0,"8":0,"9":0,"10":0,"11":0,"12":0,"13":0,"14":0,"15":1,"16":0,"17":0,"18":0,"19":1,"20":0,"21":0,"22":0,"23":0,"24":0,"25":0,"26":0,"27":0,"28":0,"29":0,"30":1,"31":0,"32":1,"33":1,"34":1,"35":1},"f":{"0":0,"1":0,"2":0,"3":0,"4":0,"5":0,"6":0,"7":0,"8":0,"9":0,"10":0,"11":0},"b":{"0":[0,0],"1":[0],"2":[0,0],"3":[0,0,0],"4":[0,0],"5":[0,0],"6":[0,0],"7":[0,0],"8":[0,0],"9":[0,0]},"_coverageSchema":"43e27e138ebf9cfc5966b082cf9a028302ed4184","hash":"b6a0f188ab054c9546c28d102d6b3cc71cdd0fdc","contentHash":"e46fed281aa6a7b564a81f056b15988a24adc8dd1e1c7a7dda4cc5ab3c88570e"}
,"D:\\Develop\\Vue\\KnoxEx\\Home\\app\\middleware\\compress.js": {"path":"D:\\Develop\\Vue\\KnoxEx\\Home\\app\\middleware\\compress.js","statementMap":{"0":{"start":{"line":1,"column":0},"end":{"line":1,"column":41}}},"fnMap":{},"branchMap":{},"s":{"0":1},"f":{},"b":{},"_coverageSchema":"43e27e138ebf9cfc5966b082cf9a028302ed4184","hash":"5a40a5bacc40463ece74ea90c1425ab400e40e17","contentHash":"02d973d966020039de1cad8a75420763f584db272788634d1d60a122e12adc03"}
,"D:\\Develop\\Vue\\KnoxEx\\Home\\app\\middleware\\conditional.js": {"path":"D:\\Develop\\Vue\\KnoxEx\\Home\\app\\middleware\\conditional.js","statementMap":{"0":{"start":{"line":1,"column":0},"end":{"line":1,"column":48}}},"fnMap":{},"branchMap":{},"s":{"0":1},"f":{},"b":{},"_coverageSchema":"43e27e138ebf9cfc5966b082cf9a028302ed4184","hash":"bdc563a5f028137351be45efe5da942785658ce9","contentHash":"09aeb2fea1fe9f59911a0ff2830354adc8bd6e83435bdd78a59dd1a041baaa11"}
,"D:\\Develop\\Vue\\KnoxEx\\Home\\app\\middleware\\etag.js": {"path":"D:\\Develop\\Vue\\KnoxEx\\Home\\app\\middleware\\etag.js","statementMap":{"0":{"start":{"line":1,"column":0},"end":{"line":1,"column":37}}},"fnMap":{},"branchMap":{},"s":{"0":1},"f":{},"b":{},"_coverageSchema":"43e27e138ebf9cfc5966b082cf9a028302ed4184","hash":"5fc7816eca4e3f5dbe579b702c2c2ec04de51a15","contentHash":"3309614cae2f9b00e65c9b5d304dd6b8b2c22712c475dfdb6aabdb99d1158bfd"}
,"D:\\Develop\\Vue\\KnoxEx\\Home\\app\\schedule\\remove-log.js": {"path":"D:\\Develop\\Vue\\KnoxEx\\Home\\app\\schedule\\remove-log.js","statementMap":{"0":{"start":{"line":1,"column":39},"end":{"line":1,"column":116}},"1":{"start":{"line":3,"column":0},"end":{"line":8,"column":2}},"2":{"start":{"line":6,"column":4},"end":{"line":6,"column":19}}},"fnMap":{"0":{"name":"(anonymous_0)","decl":{"start":{"line":5,"column":2},"end":{"line":5,"column":3}},"loc":{"start":{"line":5,"column":18},"end":{"line":7,"column":3}},"line":5}},"branchMap":{},"s":{"0":1,"1":1,"2":0},"f":{"0":0},"b":{},"_coverageSchema":"43e27e138ebf9cfc5966b082cf9a028302ed4184","hash":"879b73f71ef6de8f984d7f56ce5a5e537bf79793","contentHash":"1cb0ca07a9cd85adb678c11f6c3d2f5dee6226b42331818bbc356a52f0356a84"}
,"D:\\Develop\\Vue\\KnoxEx\\Home\\app\\service\\getAppDownLoad.js": {"path":"D:\\Develop\\Vue\\KnoxEx\\Home\\app\\service\\getAppDownLoad.js","statementMap":{"0":{"start":{"line":1,"column":20},"end":{"line":1,"column":34}},"1":{"start":{"line":2,"column":23},"end":{"line":2,"column":86}},"2":{"start":{"line":6,"column":4},"end":{"line":6,"column":108}},"3":{"start":{"line":9,"column":4},"end":{"line":9,"column":102}},"4":{"start":{"line":13,"column":0},"end":{"line":13,"column":32}}},"fnMap":{"0":{"name":"(anonymous_0)","decl":{"start":{"line":5,"column":2},"end":{"line":5,"column":3}},"loc":{"start":{"line":5,"column":49},"end":{"line":7,"column":3}},"line":5},"1":{"name":"(anonymous_1)","decl":{"start":{"line":8,"column":2},"end":{"line":8,"column":3}},"loc":{"start":{"line":8,"column":39},"end":{"line":10,"column":3}},"line":8}},"branchMap":{},"s":{"0":1,"1":1,"2":0,"3":0,"4":1},"f":{"0":0,"1":0},"b":{},"_coverageSchema":"43e27e138ebf9cfc5966b082cf9a028302ed4184","hash":"8b39b1bed0d382426112a5500d9f3df8de2af75c","contentHash":"b0429a6f21bac381c4f3f8fa5330b4bd9fc5d473b9647a918cad2fa23a81572a"}
,"D:\\Develop\\Vue\\KnoxEx\\Home\\app\\service\\getBannerIndex.js": {"path":"D:\\Develop\\Vue\\KnoxEx\\Home\\app\\service\\getBannerIndex.js","statementMap":{"0":{"start":{"line":1,"column":20},"end":{"line":1,"column":34}},"1":{"start":{"line":2,"column":23},"end":{"line":2,"column":86}},"2":{"start":{"line":6,"column":4},"end":{"line":6,"column":101}},"3":{"start":{"line":9,"column":4},"end":{"line":9,"column":95}},"4":{"start":{"line":13,"column":0},"end":{"line":13,"column":32}}},"fnMap":{"0":{"name":"(anonymous_0)","decl":{"start":{"line":5,"column":2},"end":{"line":5,"column":3}},"loc":{"start":{"line":5,"column":49},"end":{"line":7,"column":3}},"line":5},"1":{"name":"(anonymous_1)","decl":{"start":{"line":8,"column":2},"end":{"line":8,"column":3}},"loc":{"start":{"line":8,"column":39},"end":{"line":10,"column":3}},"line":8}},"branchMap":{},"s":{"0":1,"1":1,"2":0,"3":0,"4":1},"f":{"0":0,"1":0},"b":{},"_coverageSchema":"43e27e138ebf9cfc5966b082cf9a028302ed4184","hash":"5d6e89e4d0e885d84a36d6cc2735c4945ae9472f","contentHash":"1df4869cecafde2409911c544f11ed45535221addabf632d257be0fffb30a4dd"}
,"D:\\Develop\\Vue\\KnoxEx\\Home\\app\\service\\getFooterHeader.js": {"path":"D:\\Develop\\Vue\\KnoxEx\\Home\\app\\service\\getFooterHeader.js","statementMap":{"0":{"start":{"line":1,"column":20},"end":{"line":1,"column":34}},"1":{"start":{"line":2,"column":23},"end":{"line":2,"column":86}},"2":{"start":{"line":6,"column":4},"end":{"line":6,"column":114}},"3":{"start":{"line":9,"column":4},"end":{"line":9,"column":108}},"4":{"start":{"line":13,"column":0},"end":{"line":13,"column":33}}},"fnMap":{"0":{"name":"(anonymous_0)","decl":{"start":{"line":5,"column":2},"end":{"line":5,"column":3}},"loc":{"start":{"line":5,"column":49},"end":{"line":7,"column":3}},"line":5},"1":{"name":"(anonymous_1)","decl":{"start":{"line":8,"column":2},"end":{"line":8,"column":3}},"loc":{"start":{"line":8,"column":39},"end":{"line":10,"column":3}},"line":8}},"branchMap":{},"s":{"0":1,"1":1,"2":0,"3":0,"4":1},"f":{"0":0,"1":0},"b":{},"_coverageSchema":"43e27e138ebf9cfc5966b082cf9a028302ed4184","hash":"4845b2276515941c922fb9c96f6713609a11ca7d","contentHash":"965e03ca15c4d9a90dcc7b8312264d958331ed862b46def4d7cf0b66b04d6252"}
,"D:\\Develop\\Vue\\KnoxEx\\Home\\app\\service\\getFooterList.js": {"path":"D:\\Develop\\Vue\\KnoxEx\\Home\\app\\service\\getFooterList.js","statementMap":{"0":{"start":{"line":1,"column":20},"end":{"line":1,"column":34}},"1":{"start":{"line":2,"column":23},"end":{"line":2,"column":86}},"2":{"start":{"line":6,"column":4},"end":{"line":6,"column":100}},"3":{"start":{"line":9,"column":4},"end":{"line":9,"column":94}},"4":{"start":{"line":13,"column":0},"end":{"line":13,"column":31}}},"fnMap":{"0":{"name":"(anonymous_0)","decl":{"start":{"line":5,"column":2},"end":{"line":5,"column":3}},"loc":{"start":{"line":5,"column":49},"end":{"line":7,"column":3}},"line":5},"1":{"name":"(anonymous_1)","decl":{"start":{"line":8,"column":2},"end":{"line":8,"column":3}},"loc":{"start":{"line":8,"column":39},"end":{"line":10,"column":3}},"line":8}},"branchMap":{},"s":{"0":1,"1":1,"2":0,"3":0,"4":1},"f":{"0":0,"1":0},"b":{},"_coverageSchema":"43e27e138ebf9cfc5966b082cf9a028302ed4184","hash":"eef33a75c853d407e4a115baeb23b30cea826d62","contentHash":"14b41e26283ebc6e4468d931e6790b8a576dd65756ad0bbad9bf0fd450a75420"}
,"D:\\Develop\\Vue\\KnoxEx\\Home\\app\\service\\publictInfo.js": {"path":"D:\\Develop\\Vue\\KnoxEx\\Home\\app\\service\\publictInfo.js","statementMap":{"0":{"start":{"line":1,"column":20},"end":{"line":1,"column":34}},"1":{"start":{"line":2,"column":23},"end":{"line":2,"column":86}},"2":{"start":{"line":6,"column":4},"end":{"line":6,"column":105}},"3":{"start":{"line":9,"column":4},"end":{"line":9,"column":99}},"4":{"start":{"line":12,"column":0},"end":{"line":12,"column":31}}},"fnMap":{"0":{"name":"(anonymous_0)","decl":{"start":{"line":5,"column":2},"end":{"line":5,"column":3}},"loc":{"start":{"line":5,"column":49},"end":{"line":7,"column":3}},"line":5},"1":{"name":"(anonymous_1)","decl":{"start":{"line":8,"column":2},"end":{"line":8,"column":3}},"loc":{"start":{"line":8,"column":39},"end":{"line":10,"column":3}},"line":8}},"branchMap":{},"s":{"0":1,"1":1,"2":1,"3":0,"4":1},"f":{"0":1,"1":0},"b":{},"_coverageSchema":"43e27e138ebf9cfc5966b082cf9a028302ed4184","hash":"bfdf16224c9873e7c5e5ad51a48b1f80137aee68","contentHash":"2e3002c849453dd599bb04b2e0e0d1efd8dedb80757eeba8dde4ba02542ee4ce"}
,"D:\\Develop\\Vue\\KnoxEx\\Home\\app\\utils\\template-config.js": {"path":"D:\\Develop\\Vue\\KnoxEx\\Home\\app\\utils\\template-config.js","statementMap":{"0":{"start":{"line":1,"column":0},"end":{"line":17,"column":2}}},"fnMap":{},"branchMap":{},"s":{"0":1},"f":{},"b":{},"_coverageSchema":"43e27e138ebf9cfc5966b082cf9a028302ed4184","hash":"14f69010d5498413fc08ca2e2a5ed00b9cf25e00","contentHash":"35da345a93e082734dcf972339bcbf04c4972124ce5aa89703e224c50b5caf29"}
,"D:\\Develop\\Vue\\KnoxEx\\Home\\config\\config.default.js": {"path":"D:\\Develop\\Vue\\KnoxEx\\Home\\config\\config.default.js","statementMap":{"0":{"start":{"line":4,"column":13},"end":{"line":4,"column":28}},"1":{"start":{"line":8,"column":0},"end":{"line":71,"column":2}},"2":{"start":{"line":13,"column":17},"end":{"line":13,"column":29}},"3":{"start":{"line":16,"column":2},"end":{"line":16,"column":53}},"4":{"start":{"line":19,"column":2},"end":{"line":19,"column":58}},"5":{"start":{"line":21,"column":2},"end":{"line":31,"column":4}},"6":{"start":{"line":33,"column":2},"end":{"line":35,"column":4}},"7":{"start":{"line":37,"column":21},"end":{"line":37,"column":28}},"8":{"start":{"line":42,"column":2},"end":{"line":49,"column":4}},"9":{"start":{"line":52,"column":2},"end":{"line":56,"column":3}},"10":{"start":{"line":58,"column":21},"end":{"line":60,"column":3}},"11":{"start":{"line":61,"column":2},"end":{"line":65,"column":3}},"12":{"start":{"line":67,"column":2},"end":{"line":70,"column":4}}},"fnMap":{"0":{"name":"(anonymous_0)","decl":{"start":{"line":8,"column":17},"end":{"line":8,"column":18}},"loc":{"start":{"line":8,"column":30},"end":{"line":71,"column":1}},"line":8}},"branchMap":{},"s":{"0":1,"1":1,"2":4,"3":4,"4":4,"5":4,"6":4,"7":4,"8":4,"9":4,"10":4,"11":4,"12":4},"f":{"0":4},"b":{},"_coverageSchema":"43e27e138ebf9cfc5966b082cf9a028302ed4184","hash":"63715d91bff2ea76af9c09b74e467ea52ffae9d9","contentHash":"9c7bc50d66f29211b635d81ce5570d00dc92d51e48d0130d2d5f1ad227a376c6"}
,"D:\\Develop\\Vue\\KnoxEx\\Home\\config\\plugin.js": {"path":"D:\\Develop\\Vue\\KnoxEx\\Home\\config\\plugin.js","statementMap":{"0":{"start":{"line":4,"column":0},"end":{"line":7,"column":2}}},"fnMap":{},"branchMap":{},"s":{"0":1},"f":{},"b":{},"_coverageSchema":"43e27e138ebf9cfc5966b082cf9a028302ed4184","hash":"325bec96a6d51f2de180e6dd6be8e59c1b599aa4","contentHash":"20479672a4f24de166d2896fa33c5883d6b654cd37c82e21a109f64604af9b7e"}
}
