TN:
SF:D:\Develop\Vue\KnoxEx\Home\app.js
FN:5,(anonymous_0)
FN:8,(anonymous_1)
FNF:2
FNH:2
FNDA:1,(anonymous_0)
FNDA:1,(anonymous_1)
DA:1,1
DA:2,1
DA:6,1
DA:9,1
DA:10,1
DA:11,1
DA:12,1
DA:13,1
DA:18,1
DA:19,0
DA:22,1
DA:23,0
DA:25,1
DA:27,1
DA:28,1
DA:29,1
DA:30,1
DA:31,1
DA:32,1
DA:33,1
DA:34,1
DA:35,1
DA:37,1
DA:38,1
DA:39,1
DA:43,1
DA:44,1
DA:45,1
DA:46,0
DA:49,1
DA:50,1
DA:51,1
DA:52,0
DA:54,1
DA:55,1
DA:56,1
DA:57,0
DA:59,1
DA:60,1
DA:64,1
LF:40
LH:35
BRDA:18,0,0,0
BRDA:18,0,1,1
BRDA:22,1,0,0
BRDA:22,1,1,1
BRDA:34,2,0,1
BRDA:34,2,1,0
BRDA:37,3,0,1
BRDA:37,3,1,0
BRDA:45,4,0,0
BRDA:45,4,1,1
BRDA:51,5,0,0
BRDA:51,5,1,1
BRDA:56,6,0,0
BRDA:56,6,1,1
BRF:14
BRH:7
end_of_record
TN:
SF:D:\Develop\Vue\KnoxEx\Home\app\router.js
FN:6,(anonymous_0)
FNF:1
FNH:1
FNDA:1,(anonymous_0)
DA:6,1
DA:7,1
DA:8,1
DA:9,1
LF:4
LH:4
BRF:0
BRH:0
end_of_record
TN:
SF:D:\Develop\Vue\KnoxEx\Home\app\controller\getMarket.js
FN:5,(anonymous_0)
FNF:1
FNH:0
FNDA:0,(anonymous_0)
DA:1,1
DA:2,1
DA:6,0
DA:7,0
DA:10,0
DA:11,0
DA:12,0
DA:14,0
DA:15,0
DA:19,1
LF:10
LH:3
BRDA:11,0,0,0
BRDA:11,0,1,0
BRF:2
BRH:0
end_of_record
TN:
SF:D:\Develop\Vue\KnoxEx\Home\app\controller\homePage.js
FN:10,(anonymous_0)
FN:81,(anonymous_1)
FN:99,(anonymous_2)
FN:109,(anonymous_3)
FN:117,(anonymous_4)
FN:126,(anonymous_5)
FN:138,(anonymous_6)
FN:153,(anonymous_7)
FN:163,(anonymous_8)
FN:173,(anonymous_9)
FN:181,(anonymous_10)
FN:192,(anonymous_11)
FN:204,(anonymous_12)
FN:218,(anonymous_13)
FN:235,(anonymous_14)
FN:239,(anonymous_15)
FN:249,(anonymous_16)
FN:297,(anonymous_17)
FN:352,(anonymous_18)
FN:367,(anonymous_19)
FN:382,(anonymous_20)
FN:483,(anonymous_21)
FN:489,(anonymous_22)
FN:502,(anonymous_23)
FN:547,(anonymous_24)
FNF:25
FNH:2
FNDA:1,(anonymous_0)
FNDA:0,(anonymous_1)
FNDA:0,(anonymous_2)
FNDA:0,(anonymous_3)
FNDA:0,(anonymous_4)
FNDA:0,(anonymous_5)
FNDA:0,(anonymous_6)
FNDA:0,(anonymous_7)
FNDA:0,(anonymous_8)
FNDA:0,(anonymous_9)
FNDA:0,(anonymous_10)
FNDA:0,(anonymous_11)
FNDA:0,(anonymous_12)
FNDA:0,(anonymous_13)
FNDA:0,(anonymous_14)
FNDA:0,(anonymous_15)
FNDA:0,(anonymous_16)
FNDA:0,(anonymous_17)
FNDA:0,(anonymous_18)
FNDA:0,(anonymous_19)
FNDA:0,(anonymous_20)
FNDA:0,(anonymous_21)
FNDA:0,(anonymous_22)
FNDA:1,(anonymous_23)
FNDA:0,(anonymous_24)
DA:2,1
DA:3,1
DA:4,1
DA:5,1
DA:6,1
DA:7,1
DA:11,1
DA:12,1
DA:13,1
DA:14,1
DA:15,0
DA:17,1
DA:20,1
DA:21,1
DA:22,1
DA:23,1
DA:28,1
DA:29,1
DA:30,1
DA:31,1
DA:32,0
DA:33,0
DA:34,0
DA:35,0
DA:36,0
DA:38,0
DA:39,0
DA:40,0
DA:41,0
DA:42,0
DA:44,0
DA:45,0
DA:47,0
DA:48,0
DA:49,0
DA:50,0
DA:51,0
DA:52,0
DA:53,0
DA:54,0
DA:55,0
DA:56,0
DA:57,0
DA:59,0
DA:62,0
DA:63,0
DA:64,0
DA:81,0
DA:100,0
DA:101,0
DA:110,0
DA:111,0
DA:112,0
DA:114,0
DA:118,0
DA:119,0
DA:121,0
DA:124,0
DA:125,0
DA:126,0
DA:127,0
DA:128,0
DA:131,0
DA:139,0
DA:140,0
DA:141,0
DA:146,0
DA:147,0
DA:150,0
DA:154,0
DA:155,0
DA:156,0
DA:160,0
DA:164,0
DA:171,0
DA:172,0
DA:173,0
DA:174,0
DA:175,0
DA:178,0
DA:182,0
DA:183,0
DA:185,0
DA:186,0
DA:187,0
DA:188,0
DA:189,0
DA:190,0
DA:192,0
DA:193,0
DA:194,0
DA:199,0
DA:201,0
DA:205,0
DA:206,0
DA:207,0
DA:209,0
DA:210,0
DA:213,0
DA:214,0
DA:216,0
DA:217,0
DA:218,0
DA:219,0
DA:220,0
DA:221,0
DA:223,0
DA:227,0
DA:228,0
DA:230,0
DA:232,0
DA:236,0
DA:237,0
DA:238,0
DA:239,0
DA:240,0
DA:241,0
DA:243,0
DA:246,0
DA:250,0
DA:251,0
DA:252,0
DA:253,0
DA:254,0
DA:256,0
DA:257,0
DA:262,0
DA:266,0
DA:267,0
DA:272,0
DA:273,0
DA:278,0
DA:279,0
DA:280,0
DA:281,0
DA:283,0
DA:288,0
DA:289,0
DA:294,0
DA:298,0
DA:299,0
DA:300,0
DA:301,0
DA:302,0
DA:304,0
DA:305,0
DA:311,0
DA:315,0
DA:316,0
DA:321,0
DA:322,0
DA:327,0
DA:328,0
DA:333,0
DA:334,0
DA:335,0
DA:336,0
DA:338,0
DA:343,0
DA:344,0
DA:349,0
DA:353,0
DA:354,0
DA:355,0
DA:356,0
DA:358,0
DA:359,0
DA:364,0
DA:368,0
DA:369,0
DA:370,0
DA:379,0
DA:383,0
DA:384,0
DA:385,0
DA:386,0
DA:387,0
DA:390,0
DA:391,0
DA:399,0
DA:400,0
DA:415,0
DA:416,0
DA:421,0
DA:422,0
DA:425,0
DA:426,0
DA:432,0
DA:433,0
DA:434,0
DA:435,0
DA:437,0
DA:438,0
DA:440,0
DA:441,0
DA:442,0
DA:444,0
DA:447,0
DA:448,0
DA:455,0
DA:456,0
DA:463,0
DA:464,0
DA:471,0
DA:473,0
DA:474,0
DA:480,0
DA:484,0
DA:485,0
DA:486,0
DA:487,0
DA:488,0
DA:489,0
DA:490,0
DA:492,0
DA:493,0
DA:494,0
DA:495,0
DA:499,0
DA:503,1
DA:505,1
DA:507,1
DA:508,1
DA:509,1
DA:510,1
DA:511,1
DA:513,0
DA:514,0
DA:515,0
DA:517,0
DA:523,0
DA:524,0
DA:529,0
DA:530,0
DA:531,0
DA:533,0
DA:539,0
DA:540,0
DA:545,0
DA:546,0
DA:547,0
DA:548,0
DA:551,0
DA:554,0
DA:555,0
DA:560,0
DA:561,0
DA:562,0
DA:563,0
DA:564,0
DA:566,0
DA:568,0
DA:572,0
DA:575,0
DA:577,1
DA:583,1
DA:584,1
DA:586,1
DA:587,0
DA:592,1
DA:593,1
DA:594,0
DA:595,0
DA:597,1
DA:599,1
DA:603,1
DA:605,1
DA:610,1
LF:268
LH:37
BRDA:14,0,0,0
BRDA:14,0,1,1
BRDA:22,1,0,1
BRDA:22,1,1,0
BRDA:30,2,0,1
BRDA:30,2,1,0
BRDA:44,3,0,0
BRDA:44,3,1,0
BRDA:55,4,0,0
BRDA:55,4,1,0
BRDA:55,5,0,0
BRDA:55,5,1,0
BRDA:71,6,0,0
BRDA:71,6,1,0
BRDA:73,7,0,0
BRDA:73,7,1,0
BRDA:77,8,0,0
BRDA:77,8,1,0
BRDA:100,9,0,0
BRDA:100,9,1,0
BRDA:102,10,0,0
BRDA:102,10,1,0
BRDA:103,11,0,0
BRDA:103,11,1,0
BRDA:104,12,0,0
BRDA:104,12,1,0
BRDA:105,13,0,0
BRDA:105,13,1,0
BRDA:111,14,0,0
BRDA:111,14,1,0
BRDA:118,15,0,0
BRDA:118,15,1,0
BRDA:121,16,0,0
BRDA:121,16,1,0
BRDA:127,17,0,0
BRDA:127,17,1,0
BRDA:146,18,0,0
BRDA:146,18,1,0
BRDA:174,19,0,0
BRDA:174,19,1,0
BRDA:182,20,0,0
BRDA:182,20,1,0
BRDA:186,21,0,0
BRDA:186,21,1,0
BRDA:186,22,0,0
BRDA:186,22,1,0
BRDA:189,23,0,0
BRDA:189,23,1,0
BRDA:193,24,0,0
BRDA:193,24,1,0
BRDA:206,25,0,0
BRDA:206,25,1,0
BRDA:213,26,0,0
BRDA:213,26,1,0
BRDA:213,27,0,0
BRDA:213,27,1,0
BRDA:220,28,0,0
BRDA:220,28,1,0
BRDA:220,29,0,0
BRDA:220,29,1,0
BRDA:227,30,0,0
BRDA:227,30,1,0
BRDA:240,31,0,0
BRDA:240,31,1,0
BRDA:246,32,0,0
BRDA:246,32,1,0
BRDA:253,33,0,0
BRDA:253,33,1,0
BRDA:256,34,0,0
BRDA:256,34,1,0
BRDA:262,35,0,0
BRDA:262,35,1,0
BRDA:266,36,0,0
BRDA:266,36,1,0
BRDA:272,37,0,0
BRDA:272,37,1,0
BRDA:272,38,0,0
BRDA:272,38,1,0
BRDA:278,39,0,0
BRDA:278,39,1,0
BRDA:280,40,0,0
BRDA:280,40,1,0
BRDA:288,41,0,0
BRDA:288,41,1,0
BRDA:301,42,0,0
BRDA:301,42,1,0
BRDA:304,43,0,0
BRDA:304,43,1,0
BRDA:311,44,0,0
BRDA:311,44,1,0
BRDA:315,45,0,0
BRDA:315,45,1,0
BRDA:321,46,0,0
BRDA:321,46,1,0
BRDA:327,47,0,0
BRDA:327,47,1,0
BRDA:327,48,0,0
BRDA:327,48,1,0
BRDA:333,49,0,0
BRDA:333,49,1,0
BRDA:335,50,0,0
BRDA:335,50,1,0
BRDA:343,51,0,0
BRDA:343,51,1,0
BRDA:355,52,0,0
BRDA:355,52,1,0
BRDA:369,53,0,0
BRDA:369,53,1,0
BRDA:372,54,0,0
BRDA:372,54,1,0
BRDA:373,55,0,0
BRDA:373,55,1,0
BRDA:375,56,0,0
BRDA:375,56,1,0
BRDA:386,57,0,0
BRDA:386,57,1,0
BRDA:390,58,0,0
BRDA:390,58,1,0
BRDA:399,59,0,0
BRDA:399,59,1,0
BRDA:421,60,0,0
BRDA:421,60,1,0
BRDA:425,61,0,0
BRDA:425,61,1,0
BRDA:432,62,0,0
BRDA:432,62,1,0
BRDA:434,63,0,0
BRDA:434,63,1,0
BRDA:440,64,0,0
BRDA:440,64,1,0
BRDA:447,65,0,0
BRDA:447,65,1,0
BRDA:447,66,0,0
BRDA:447,66,1,0
BRDA:455,67,0,0
BRDA:455,67,1,0
BRDA:463,68,0,0
BRDA:463,68,1,0
BRDA:473,69,0,0
BRDA:473,69,1,0
BRDA:473,70,0,0
BRDA:473,70,1,0
BRDA:473,70,2,0
BRDA:486,71,0,0
BRDA:486,71,1,0
BRDA:488,72,0,0
BRDA:488,72,1,0
BRDA:488,73,0,0
BRDA:488,73,1,0
BRDA:492,74,0,0
BRDA:492,74,1,0
BRDA:494,75,0,0
BRDA:494,75,1,0
BRDA:508,76,0,0
BRDA:508,76,1,1
BRDA:511,77,0,0
BRDA:511,77,1,1
BRDA:514,78,0,0
BRDA:514,78,1,0
BRDA:523,79,0,0
BRDA:523,79,1,0
BRDA:530,80,0,0
BRDA:530,80,1,0
BRDA:539,81,0,0
BRDA:539,81,1,0
BRDA:546,82,0,0
BRDA:546,82,1,0
BRDA:554,83,0,0
BRDA:554,83,1,0
BRDA:560,84,0,0
BRDA:560,84,1,0
BRDA:562,85,0,0
BRDA:562,85,1,0
BRDA:583,86,0,1
BRDA:583,86,1,0
BRDA:586,87,0,0
BRDA:586,87,1,1
BRDA:593,88,0,0
BRDA:593,88,1,1
BRF:179
BRH:8
end_of_record
TN:
SF:D:\Develop\Vue\KnoxEx\Home\app\extend\application.js
FN:3,(anonymous_0)
FN:6,(anonymous_1)
FNF:2
FNH:0
FNDA:0,(anonymous_0)
FNDA:0,(anonymous_1)
DA:1,1
DA:2,1
DA:4,0
DA:7,0
LF:4
LH:2
BRF:0
BRH:0
end_of_record
TN:
SF:D:\Develop\Vue\KnoxEx\Home\app\extend\helper.js
FN:2,(anonymous_0)
FN:10,(anonymous_1)
FN:16,(anonymous_2)
FN:21,(anonymous_3)
FN:28,(anonymous_4)
FN:31,(anonymous_5)
FN:37,(anonymous_6)
FN:47,(anonymous_7)
FN:50,(anonymous_8)
FN:59,(anonymous_9)
FN:62,(anonymous_10)
FN:68,(anonymous_11)
FNF:12
FNH:0
FNDA:0,(anonymous_0)
FNDA:0,(anonymous_1)
FNDA:0,(anonymous_2)
FNDA:0,(anonymous_3)
FNDA:0,(anonymous_4)
FNDA:0,(anonymous_5)
FNDA:0,(anonymous_6)
FNDA:0,(anonymous_7)
FNDA:0,(anonymous_8)
FNDA:0,(anonymous_9)
FNDA:0,(anonymous_10)
FNDA:0,(anonymous_11)
DA:1,1
DA:3,0
DA:4,0
DA:6,0
DA:11,0
DA:12,0
DA:14,0
DA:17,0
DA:18,0
DA:19,0
DA:22,0
DA:23,0
DA:26,0
DA:29,0
DA:32,0
DA:36,1
DA:38,0
DA:39,0
DA:41,0
DA:46,1
DA:48,0
DA:49,0
DA:50,0
DA:51,0
DA:52,0
DA:53,0
DA:55,0
DA:57,0
DA:60,0
DA:63,0
DA:67,1
DA:69,0
DA:73,1
DA:75,1
DA:77,1
DA:79,1
LF:36
LH:8
BRDA:3,0,0,0
BRDA:3,0,1,0
BRDA:10,1,0,0
BRDA:11,2,0,0
BRDA:11,2,1,0
BRDA:11,3,0,0
BRDA:11,3,1,0
BRDA:11,3,2,0
BRDA:12,4,0,0
BRDA:12,4,1,0
BRDA:18,5,0,0
BRDA:18,5,1,0
BRDA:22,6,0,0
BRDA:22,6,1,0
BRDA:38,7,0,0
BRDA:38,7,1,0
BRDA:39,8,0,0
BRDA:39,8,1,0
BRDA:52,9,0,0
BRDA:52,9,1,0
BRF:20
BRH:0
end_of_record
TN:
SF:D:\Develop\Vue\KnoxEx\Home\app\middleware\compress.js
FNF:0
FNH:0
DA:1,1
LF:1
LH:1
BRF:0
BRH:0
end_of_record
TN:
SF:D:\Develop\Vue\KnoxEx\Home\app\middleware\conditional.js
FNF:0
FNH:0
DA:1,1
LF:1
LH:1
BRF:0
BRH:0
end_of_record
TN:
SF:D:\Develop\Vue\KnoxEx\Home\app\middleware\etag.js
FNF:0
FNH:0
DA:1,1
LF:1
LH:1
BRF:0
BRH:0
end_of_record
TN:
SF:D:\Develop\Vue\KnoxEx\Home\app\schedule\remove-log.js
FN:5,(anonymous_0)
FNF:1
FNH:0
FNDA:0,(anonymous_0)
DA:1,1
DA:3,1
DA:6,0
LF:3
LH:2
BRF:0
BRH:0
end_of_record
TN:
SF:D:\Develop\Vue\KnoxEx\Home\app\service\getAppDownLoad.js
FN:5,(anonymous_0)
FN:8,(anonymous_1)
FNF:2
FNH:0
FNDA:0,(anonymous_0)
FNDA:0,(anonymous_1)
DA:1,1
DA:2,1
DA:6,0
DA:9,0
DA:13,1
LF:5
LH:3
BRF:0
BRH:0
end_of_record
TN:
SF:D:\Develop\Vue\KnoxEx\Home\app\service\getBannerIndex.js
FN:5,(anonymous_0)
FN:8,(anonymous_1)
FNF:2
FNH:0
FNDA:0,(anonymous_0)
FNDA:0,(anonymous_1)
DA:1,1
DA:2,1
DA:6,0
DA:9,0
DA:13,1
LF:5
LH:3
BRF:0
BRH:0
end_of_record
TN:
SF:D:\Develop\Vue\KnoxEx\Home\app\service\getFooterHeader.js
FN:5,(anonymous_0)
FN:8,(anonymous_1)
FNF:2
FNH:0
FNDA:0,(anonymous_0)
FNDA:0,(anonymous_1)
DA:1,1
DA:2,1
DA:6,0
DA:9,0
DA:13,1
LF:5
LH:3
BRF:0
BRH:0
end_of_record
TN:
SF:D:\Develop\Vue\KnoxEx\Home\app\service\getFooterList.js
FN:5,(anonymous_0)
FN:8,(anonymous_1)
FNF:2
FNH:0
FNDA:0,(anonymous_0)
FNDA:0,(anonymous_1)
DA:1,1
DA:2,1
DA:6,0
DA:9,0
DA:13,1
LF:5
LH:3
BRF:0
BRH:0
end_of_record
TN:
SF:D:\Develop\Vue\KnoxEx\Home\app\service\publictInfo.js
FN:5,(anonymous_0)
FN:8,(anonymous_1)
FNF:2
FNH:1
FNDA:1,(anonymous_0)
FNDA:0,(anonymous_1)
DA:1,1
DA:2,1
DA:6,1
DA:9,0
DA:12,1
LF:5
LH:4
BRF:0
BRH:0
end_of_record
TN:
SF:D:\Develop\Vue\KnoxEx\Home\app\utils\template-config.js
FNF:0
FNH:0
DA:1,1
LF:1
LH:1
BRF:0
BRH:0
end_of_record
TN:
SF:D:\Develop\Vue\KnoxEx\Home\config\config.default.js
FN:8,(anonymous_0)
FNF:1
FNH:1
FNDA:4,(anonymous_0)
DA:4,1
DA:8,1
DA:13,4
DA:16,4
DA:19,4
DA:21,4
DA:33,4
DA:37,4
DA:42,4
DA:52,4
DA:58,4
DA:61,4
DA:67,4
LF:13
LH:13
BRF:0
BRH:0
end_of_record
TN:
SF:D:\Develop\Vue\KnoxEx\Home\config\plugin.js
FNF:0
FNH:0
DA:4,1
LF:1
LH:1
BRF:0
BRH:0
end_of_record
